===
d = 1
n = 0, s = 0, f = 0
Total: 0.0 s, 0.0 n/s
Section: 0.0 s, 0.0 n/s
n = 1, s = 1, f = 1
Total: 0.0 s, 45590.260869565216 n/s
Section: 0.0 s, 119837.25714285714 n/s
n = 199981, s = 199982, f = 199981
Total: 0.0 s, 156547425.94699514 n/s
Section: 0.0 s, 159281601.57994682 n/s
n = 199982, s = 399964, f = 199982
Total: 0.0 s, 155995034.87595314 n/s
Section: 0.0 s, 220752.84210526315 n/s
n = 199983, s = 599947, f = 199983
Total: 0.0 s, 155561850.30267063 n/s
Section: 0.0 s, 279620.26666666666 n/s
n = 199984, s = 799931, f = 199984
Total: 0.0 s, 155131069.19474754 n/s
Section: 0.0 s, 279620.26666666666 n/s
n = 199985, s = 999916, f = 199985
Total: 0.0 s, 154731209.2676628 n/s
Section: 0.0 s, 299593.14285714284 n/s
n = 199986, s = 1199902, f = 199986
Total: 0.0 s, 154361810.7736474 n/s
Section: 0.0 s, 322638.76923076925 n/s
n = 199987, s = 1399889, f = 199987
Total: 0.0 s, 153965909.33333334 n/s
Section: 0.0 s, 299593.14285714284 n/s
n = 199988, s = 1599877, f = 199988
Total: 0.0 s, 153572037.4134017 n/s
Section: 0.0 s, 299593.14285714284 n/s
n = 199989, s = 1799866, f = 199989
Total: 0.0 s, 153208157.56273973 n/s
Section: 0.0 s, 322638.76923076925 n/s
n = 199990, s = 1999856, f = 199990
Total: 0.0 s, 152818155.7587903 n/s
Section: 0.0 s, 299593.14285714284 n/s
n = 200000, s = 2199856, f = 200000
Total: 0.0 s, 152436998.00109032 n/s
Section: 0.0 s, 2995931.4285714286 n/s
n = 200001, s = 2399857, f = 200001
Total: 0.0 s, 152023377.00326204 n/s
Section: 0.0 s, 279620.26666666666 n/s
n = 1599981, s = 3999838, f = 1599981
Total: 0.01 s, 140458091.7624011 n/s
Section: 0.01 s, 138947981.8722196 n/s
n = 1599982, s = 5599820, f = 1599982
Total: 0.01 s, 140396470.69034916 n/s
Section: 0.0 s, 199728.7619047619 n/s
n = 1599983, s = 7199803, f = 1599983
Total: 0.01 s, 140352513.84180367 n/s
Section: 0.0 s, 279620.26666666666 n/s
n = 1599984, s = 8799787, f = 1599984
Total: 0.01 s, 140290985.49463782 n/s
Section: 0.0 s, 199728.7619047619 n/s
n = 1599985, s = 10399772, f = 1599985
Total: 0.01 s, 140244163.87201938 n/s
Section: 0.0 s, 262144.0 n/s
n = 1599986, s = 11999758, f = 1599986
Total: 0.01 s, 140203231.58349526 n/s
Section: 0.0 s, 299593.14285714284 n/s
n = 1599987, s = 13599745, f = 1599987
Total: 0.01 s, 140162323.23248187 n/s
Section: 0.0 s, 299593.14285714284 n/s
n = 1599988, s = 15199733, f = 1599988
Total: 0.01 s, 140118513.14051864 n/s
Section: 0.0 s, 279620.26666666666 n/s
n = 1599989, s = 16799722, f = 1599989
Total: 0.01 s, 140077654.3094264 n/s
Section: 0.0 s, 299593.14285714284 n/s
n = 1599990, s = 18399712, f = 1599990
Total: 0.01 s, 140036819.3514461 n/s
Section: 0.0 s, 299593.14285714284 n/s
n = 2600000, s = 20999712, f = 2600000
Total: 0.02 s, 136054675.43323395 n/s
Section: 0.01 s, 130133906.58186218 n/s
n = 2600001, s = 23599713, f = 2600001
Total: 0.02 s, 136025877.43924162 n/s
Section: 0.0 s, 246723.76470588235 n/s
n = 13199998, s = 36799711, f = 13199998
Total: 0.1 s, 129415982.54202732 n/s
Section: 0.08 s, 127891638.69313504 n/s
n = 35000000, s = 71799711, f = 35000000
Total: 0.28 s, 123720150.95815277 n/s
Section: 0.18 s, 120508673.60432501 n/s
n = 35000001, s = 106799712, f = 35000001
Total: 0.28 s, 123717652.10066594 n/s
Section: 0.0 s, 174762.66666666666 n/s
n = 35199981, s = 141999693, f = 35199981
Total: 0.28 s, 123700109.9331846 n/s
Section: 0.0 s, 120704693.32565837 n/s
n = 35199982, s = 177199675, f = 35199982
Total: 0.28 s, 123698558.82954098 n/s
Section: 0.0 s, 279620.26666666666 n/s
n = 35199983, s = 212399658, f = 35199983
Total: 0.28 s, 123697007.7648843 n/s
Section: 0.0 s, 279620.26666666666 n/s
n = 35199984, s = 247599642, f = 35199984
Total: 0.28 s, 123694834.93423639 n/s
Section: 0.0 s, 199728.7619047619 n/s
n = 35199985, s = 282799627, f = 35199985
Total: 0.28 s, 123693283.96315998 n/s
Section: 0.0 s, 279620.26666666666 n/s
n = 35199986, s = 317999613, f = 35199986
Total: 0.28 s, 123691836.65959063 n/s
Section: 0.0 s, 299593.14285714284 n/s
n = 35199987, s = 353199600, f = 35199987
Total: 0.28 s, 123690285.763875 n/s
Section: 0.0 s, 279620.26666666666 n/s
n = 35199988, s = 388399588, f = 35199988
Total: 0.28 s, 123688838.53063414 n/s
Section: 0.0 s, 299593.14285714284 n/s
n = 35199989, s = 423599577, f = 35199989
Total: 0.28 s, 123687391.33134168 n/s
Section: 0.0 s, 299593.14285714284 n/s
n = 35199990, s = 458799567, f = 35199990
Total: 0.28 s, 123685944.16599646 n/s
Section: 0.0 s, 299593.14285714284 n/s
n = 35200000, s = 493999567, f = 35200000
Total: 0.28 s, 123684425.04224335 n/s
Section: 0.0 s, 2796202.6666666665 n/s
n = 35200001, s = 529199568, f = 35200001
Total: 0.28 s, 123682874.33320767 n/s
Section: 0.0 s, 279620.26666666666 n/s
n = 117463825, s = 646663393, f = 117463825
Total: 0.98 s, 119921465.0205545 n/s
Section: 0.69 s, 118380982.59329532 n/s
n = 500000000, s = 1146663393, f = 500000000
Total: 4.4 s, 113552514.77307522 n/s
Section: 3.42 s, 111730407.50127888 n/s
n = 500000001, s = 1646663394, f = 500000001
Total: 4.4 s, 113551684.96939708 n/s
Section: 0.0 s, 31068.91851851852 n/s
n = 500199981, s = 2146863375, f = 500199981
Total: 4.41 s, 113550614.00725092 n/s
Section: 0.0 s, 110934653.34215051 n/s
n = 500199982, s = 2647063357, f = 500199982
Total: 4.41 s, 113550485.17350666 n/s
Section: 0.0 s, 199728.7619047619 n/s
n = 500199983, s = 3147263340, f = 500199983
Total: 4.41 s, 113550288.73707342 n/s
Section: 0.0 s, 131072.0 n/s
n = 500199984, s = 3647463324, f = 500199984
Total: 4.41 s, 113550209.06975375 n/s
Section: 0.0 s, 322638.76923076925 n/s
n = 500199985, s = 4147663309, f = 500199985
Total: 4.41 s, 113550110.9654351 n/s
Section: 0.0 s, 262144.0 n/s
n = 500199986, s = 4647863295, f = 500199986
Total: 4.41 s, 113550031.29836555 n/s
Section: 0.0 s, 322638.76923076925 n/s
n = 500199987, s = 5148063282, f = 500199987
Total: 4.41 s, 113549933.19435482 n/s
Section: 0.0 s, 262144.0 n/s
n = 500199988, s = 5648263270, f = 500199988
Total: 4.41 s, 113549859.67321052 n/s
Section: 0.0 s, 349525.3333333333 n/s
n = 500199989, s = 6148463259, f = 500199989
Total: 4.41 s, 113549773.86082807 n/s
Section: 0.0 s, 299593.14285714284 n/s
n = 500199990, s = 6648663249, f = 500199990
Total: 4.41 s, 113549688.04857567 n/s
Section: 0.0 s, 299593.14285714284 n/s
n = 500200000, s = 7148863249, f = 500200000
Total: 4.41 s, 113549598.13388163 n/s
Section: 0.0 s, 2796202.6666666665 n/s
n = 500200001, s = 7649063250, f = 500200001
Total: 4.41 s, 113549512.32189706 n/s
Section: 0.0 s, 299593.14285714284 n/s
n = 501599981, s = 8150663231, f = 501599981
Total: 4.42 s, 113545030.18979415 n/s
Section: 0.01 s, 111965939.1716879 n/s
n = 501599982, s = 8652263213, f = 501599982
Total: 4.42 s, 113544920.11224453 n/s
Section: 0.0 s, 233016.88888888888 n/s
n = 501599983, s = 9153863196, f = 501599983
Total: 4.42 s, 113544828.4188441 n/s
Section: 0.0 s, 279620.26666666666 n/s
n = 501599984, s = 9655463180, f = 501599984
Total: 4.42 s, 113544736.72559214 n/s
Section: 0.0 s, 279620.26666666666 n/s
n = 501599985, s = 10157063165, f = 501599985
Total: 4.42 s, 113544651.16044857 n/s
Section: 0.0 s, 299593.14285714284 n/s
n = 501599986, s = 10658663151, f = 501599986
Total: 4.42 s, 113544528.82774004 n/s
Section: 0.0 s, 209715.2 n/s
n = 501599987, s = 11160263138, f = 501599987
Total: 4.42 s, 113544443.26291057 n/s
Section: 0.0 s, 299593.14285714284 n/s
n = 501599988, s = 11661863126, f = 501599988
Total: 4.42 s, 113544357.6982104 n/s
Section: 0.0 s, 299593.14285714284 n/s
n = 501599989, s = 12163463115, f = 501599989
Total: 4.42 s, 113544278.26155917 n/s
Section: 0.0 s, 322638.76923076925 n/s
n = 501599990, s = 12665063105, f = 501599990
Total: 4.42 s, 113544192.69710836 n/s
Section: 0.0 s, 299593.14285714284 n/s
n = 502600000, s = 13167663105, f = 502600000
Total: 4.43 s, 113540646.9551519 n/s
Section: 0.01 s, 111789604.02558635 n/s
n = 502600001, s = 13670263106, f = 502600001
Total: 4.43 s, 113540524.87446539 n/s
Section: 0.0 s, 209715.2 n/s
n = 513199998, s = 14183463104, f = 513199998
Total: 4.52 s, 113512597.87050405 n/s
Section: 0.09 s, 112204022.86773387 n/s
n = 535000000, s = 14718463104, f = 535000000
Total: 4.71 s, 113470286.36429028 n/s
Section: 0.19 s, 112483251.71685997 n/s
n = 535000001, s = 15253463105, f = 535000001
Total: 4.71 s, 113470125.91628449 n/s
Section: 0.0 s, 149796.57142857142 n/s
n = 535199981, s = 15788663086, f = 535199981
Total: 4.72 s, 113467946.67917326 n/s
Section: 0.0 s, 107922917.38548636 n/s
n = 535199982, s = 16323863068, f = 535199982
Total: 4.72 s, 113467837.91701046 n/s
Section: 0.0 s, 220752.84210526315 n/s
n = 535199983, s = 16859063051, f = 535199983
Total: 4.72 s, 113467752.09692633 n/s
Section: 0.0 s, 279620.26666666666 n/s
n = 535199984, s = 17394263035, f = 535199984
Total: 4.72 s, 113467672.01243256 n/s
Section: 0.0 s, 299593.14285714284 n/s
n = 535199985, s = 17929463020, f = 535199985
Total: 4.72 s, 113467586.19260003 n/s
Section: 0.0 s, 279620.26666666666 n/s
n = 535199986, s = 18464663006, f = 535199986
Total: 4.72 s, 113467488.90201256 n/s
Section: 0.0 s, 246723.76470588235 n/s
n = 535199987, s = 18999862993, f = 535199987
Total: 4.72 s, 113467403.08245768 n/s
Section: 0.0 s, 279620.26666666666 n/s
n = 535199988, s = 19535062981, f = 535199988
Total: 4.72 s, 113467322.99845782 n/s
Section: 0.0 s, 299593.14285714284 n/s
n = 535199989, s = 20070262970, f = 535199989
Total: 4.72 s, 113467231.44373833 n/s
Section: 0.0 s, 262144.0 n/s
n = 535199990, s = 20605462960, f = 535199990
Total: 4.72 s, 113467151.35998137 n/s
Section: 0.0 s, 299593.14285714284 n/s
n = 535200000, s = 21140662960, f = 535200000
Total: 4.72 s, 113467044.50742464 n/s
Section: 0.0 s, 2207528.4210526315 n/s
n = 535200001, s = 21675862961, f = 535200001
Total: 4.72 s, 113466958.68854506 n/s
Section: 0.0 s, 279620.26666666666 n/s
n = 1111111110, s = 22786974071, f = 1111111110
Total: 9.96 s, 111553120.83662798 n/s
Section: 5.24 s, 109831555.50073163 n/s
s(1) = 22786974071
===
d = 2
n = 0, s = 0, f = 0
Total: 1048.73 s, 0.0 n/s
Section: 1038.77 s, -1069640.841817591 n/s
n = 28263827, s = 28263827, f = 28263827
Total: 1048.96 s, 26944.512394362737 n/s
Section: 0.23 s, 121054855.01796006 n/s
n = 35000000, s = 63263827, f = 35000000
Total: 1049.02 s, 33364.39545765964 n/s
Section: 0.06 s, 115495535.51946826 n/s
n = 242463827, s = 305727654, f = 242463827
Total: 1050.88 s, 230724.24502278087 n/s
Section: 1.86 s, 111600495.23722537 n/s
n = 500000000, s = 805727654, f = 500000000
Total: 1053.25 s, 474723.120643929 n/s
Section: 2.36 s, 108937200.14584918 n/s
n = 528263827, s = 1333991481, f = 528263827
Total: 1053.5 s, 501434.6692150346 n/s
Section: 0.26 s, 109012119.57825662 n/s
n = 535000000, s = 1868991481, f = 535000000
Total: 1053.57 s, 507798.9063706488 n/s
Section: 0.06 s, 108872291.95907688 n/s
n = 10000000000, s = 11868991481, f = 10000000000
Total: 1145.47 s, 8730068.78679039 n/s
Section: 91.9 s, 102992739.09143347 n/s
n = 10028263827, s = 21897255308, f = 10028263827
Total: 1145.76 s, 8752507.883363025 n/s
Section: 0.29 s, 96610035.17442228 n/s
n = 10035000000, s = 31932255308, f = 10035000000
Total: 1145.83 s, 8757858.999814749 n/s
Section: 0.07 s, 97498006.66212998 n/s
n = 10242463827, s = 42174719135, f = 10242463827
Total: 1147.96 s, 8922288.44553145 n/s
Section: 2.14 s, 97137672.29195476 n/s
n = 10500000000, s = 52674719135, f = 10500000000
Total: 1150.63 s, 9125467.07312798 n/s
Section: 2.66 s, 96735503.13535851 n/s
n = 10528263827, s = 63202982962, f = 10528263827
Total: 1150.92 s, 9147717.25957512 n/s
Section: 0.29 s, 97119349.25682658 n/s
n = 10535000000, s = 73737982962, f = 10535000000
Total: 1150.99 s, 9153016.31471003 n/s
Section: 0.07 s, 96730931.37108503 n/s
s(2) = 73737982962
===
d = 3
n = 0, s = 0, f = 0
Total: 2091.83 s, 0.0 n/s
Section: 940.84 s, -11197439.119018966 n/s
n = 371599983, s = 371599983, f = 371599983
Total: 2095.22 s, 177356.29728448676 n/s
Section: 3.39 s, 109600824.53573973 n/s
n = 371599984, s = 743199967, f = 371599984
Total: 2095.22 s, 177356.29493632697 n/s
Section: 0.0 s, 29959.314285714285 n/s
n = 371599985, s = 1114799952, f = 371599985
Total: 2095.22 s, 177356.29496960717 n/s
Section: 0.0 s, 190650.18181818182 n/s
n = 371599986, s = 1486399938, f = 371599986
Total: 2095.22 s, 177356.29500288735 n/s
Section: 0.0 s, 190650.18181818182 n/s
n = 371599987, s = 1857999925, f = 371599987
Total: 2095.22 s, 177356.29517743937 n/s
Section: 0.0 s, 279620.26666666666 n/s
n = 371599988, s = 2229599913, f = 371599988
Total: 2095.22 s, 177356.29531162803 n/s
Section: 0.0 s, 246723.76470588235 n/s
n = 371599989, s = 2601199902, f = 371599989
Total: 2095.22 s, 177356.29546599838 n/s
Section: 0.0 s, 262144.0 n/s
n = 371599990, s = 2972799892, f = 371599990
Total: 2095.22 s, 177356.2956405504 n/s
Section: 0.0 s, 279620.26666666666 n/s
n = 371599991, s = 3344399883, f = 371599991
Total: 2095.22 s, 177356.29577473906 n/s
Section: 0.0 s, 246723.76470588235 n/s
n = 371599992, s = 3715999875, f = 371599992
Total: 2095.22 s, 177356.2959492911 n/s
Section: 0.0 s, 279620.26666666666 n/s
n = 500000000, s = 4215999875, f = 500000000
Total: 2096.41 s, 238503.02504204202 n/s
Section: 1.19 s, 107709237.96839175 n/s
n = 10000000000, s = 14215999875, f = 10000000000
Total: 2190.63 s, 4564895.508532424 n/s
Section: 94.22 s, 100826589.05489102 n/s
n = 10371599983, s = 24587599858, f = 10371599983
Total: 2194.59 s, 4725974.845455828 n/s
Section: 3.96 s, 93739252.13104077 n/s
n = 10371599984, s = 34959199842, f = 10371599984
Total: 2194.59 s, 4725974.782246774 n/s
Section: 0.0 s, 33825.032258064515 n/s
n = 10371599985, s = 45330799827, f = 10371599985
Total: 2194.59 s, 4725974.769353385 n/s
Section: 0.0 s, 161319.38461538462 n/s
n = 10371599986, s = 55702399813, f = 10371599986
Total: 2194.59 s, 4725974.761080823 n/s
Section: 0.0 s, 246723.76470588235 n/s
n = 10371599987, s = 66073999800, f = 10371599987
Total: 2194.59 s, 4725974.753321685 n/s
Section: 0.0 s, 262144.0 n/s
n = 10371599988, s = 76445599788, f = 10371599988
Total: 2194.59 s, 4725974.745562548 n/s
Section: 0.0 s, 262144.0 n/s
n = 10371599989, s = 86817199777, f = 10371599989
Total: 2194.59 s, 4725974.738830261 n/s
Section: 0.0 s, 299593.14285714284 n/s
n = 10371599990, s = 97188799767, f = 10371599990
Total: 2194.59 s, 4725974.731071124 n/s
Section: 0.0 s, 262144.0 n/s
n = 10371599991, s = 107560399758, f = 10371599991
Total: 2194.59 s, 4725974.724338837 n/s
Section: 0.0 s, 299593.14285714284 n/s
n = 10371599992, s = 117931999750, f = 10371599992
Total: 2194.59 s, 4725974.715039425 n/s
Section: 0.0 s, 220752.84210526315 n/s
n = 10500000000, s = 128431999750, f = 10500000000
Total: 2195.97 s, 4781475.816394668 n/s
Section: 1.38 s, 93055646.59439889 n/s
n = 20000000000, s = 148431999750, f = 20000000000
Total: 2294.17 s, 8717752.622542249 n/s
Section: 98.19 s, 96746729.24128482 n/s
n = 20371599983, s = 168803599733, f = 20371599983
Total: 2298.01 s, 8864885.46590855 n/s
Section: 3.84 s, 96739063.47504354 n/s
n = 20371599984, s = 189175199717, f = 20371599984
Total: 2298.01 s, 8864885.332982596 n/s
Section: 0.0 s, 28926.23448275862 n/s
n = 20371599985, s = 209546799702, f = 20371599985
Total: 2298.01 s, 8864885.314103387 n/s
Section: 0.0 s, 199728.7619047619 n/s
n = 20371599986, s = 229918399688, f = 20371599986
Total: 2298.01 s, 8864885.298903106 n/s
Section: 0.0 s, 246723.76470588235 n/s
n = 20371599987, s = 250289999675, f = 20371599987
Total: 2298.01 s, 8864885.281863362 n/s
Section: 0.0 s, 220752.84210526315 n/s
n = 20371599988, s = 270661599663, f = 20371599988
Total: 2298.01 s, 8864885.268502543 n/s
Section: 0.0 s, 279620.26666666666 n/s
n = 20371599989, s = 291033199652, f = 20371599989
Total: 2298.01 s, 8864885.254221994 n/s
Section: 0.0 s, 262144.0 n/s
n = 20371599990, s = 311404799642, f = 20371599990
Total: 2298.01 s, 8864885.240861177 n/s
Section: 0.0 s, 279620.26666666666 n/s
n = 20371599991, s = 331776399633, f = 20371599991
Total: 2298.01 s, 8864885.226580627 n/s
Section: 0.0 s, 262144.0 n/s
n = 20371599992, s = 352147999625, f = 20371599992
Total: 2298.01 s, 8864885.215059273 n/s
Section: 0.0 s, 322638.76923076925 n/s
n = 20500000000, s = 372647999625, f = 20500000000
Total: 2299.33 s, 8915634.79341728 n/s
Section: 1.32 s, 97204160.49536468 n/s
s(3) = 372647999625
===
d = 4
n = 0, s = 0, f = 0
Total: 3139.72 s, 0.0 n/s
Section: 840.39 s, -24393445.747929934 n/s
n = 499999984, s = 499999984, f = 499999984
Total: 3144.28 s, 159019.02136033602 n/s
Section: 4.56 s, 109729785.6688912 n/s
n = 499999985, s = 999999969, f = 499999985
Total: 3144.28 s, 159019.01780781875 n/s
Section: 0.0 s, 13066.367601246106 n/s
n = 499999986, s = 1499999955, f = 499999986
Total: 3144.28 s, 159019.0178605851 n/s
Section: 0.0 s, 190650.18181818182 n/s
n = 499999987, s = 1999999942, f = 499999987
Total: 3144.28 s, 159019.01796158266 n/s
Section: 0.0 s, 233016.88888888888 n/s
n = 499999988, s = 2499999930, f = 499999988
Total: 3144.28 s, 159019.0180866958 n/s
Section: 0.0 s, 262144.0 n/s
n = 499999989, s = 2999999919, f = 499999989
Total: 3144.28 s, 159019.018211809 n/s
Section: 0.0 s, 262144.0 n/s
n = 499999990, s = 3499999909, f = 499999990
Total: 3144.28 s, 159019.01833692216 n/s
Section: 0.0 s, 262144.0 n/s
n = 499999991, s = 3999999900, f = 499999991
Total: 3144.28 s, 159019.01847409314 n/s
Section: 0.0 s, 279620.26666666666 n/s
n = 499999992, s = 4499999892, f = 499999992
Total: 3144.28 s, 159019.01858714852 n/s
Section: 0.0 s, 246723.76470588235 n/s
n = 499999993, s = 4999999885, f = 499999993
Total: 3144.28 s, 159019.0187122617 n/s
Section: 0.0 s, 262144.0 n/s
n = 500000000, s = 5499999885, f = 500000000
Total: 3144.28 s, 159019.0207576609 n/s
Section: 0.0 s, 1957341.8666666667 n/s
n = 10000000000, s = 15499999885, f = 10000000000
Total: 3237.7 s, 3088616.7563393693 n/s
Section: 93.42 s, 101694151.58802132 n/s
n = 10499999984, s = 25999999869, f = 10499999984
Total: 3242.92 s, 3237824.3916687802 n/s
Section: 5.22 s, 95730615.8013976 n/s
n = 10499999985, s = 36499999854, f = 10499999985
Total: 3242.92 s, 3237824.3598411945 n/s
Section: 0.0 s, 31068.91851851852 n/s
n = 10499999986, s = 46999999840, f = 10499999986
Total: 3242.92 s, 3237824.353960413 n/s
Section: 0.0 s, 161319.38461538462 n/s
n = 10499999987, s = 57499999827, f = 10499999987
Total: 3242.92 s, 3237824.349983984 n/s
Section: 0.0 s, 233016.88888888888 n/s
n = 10499999988, s = 67999999815, f = 10499999988
Total: 3242.92 s, 3237824.346483643 n/s
Section: 0.0 s, 262144.0 n/s
n = 10499999989, s = 78499999804, f = 10499999989
Total: 3242.92 s, 3237824.342983302 n/s
Section: 0.0 s, 262144.0 n/s
n = 10499999990, s = 88999999794, f = 10499999990
Total: 3242.92 s, 3237824.339482961 n/s
Section: 0.0 s, 262144.0 n/s
n = 10499999991, s = 99499999785, f = 10499999991
Total: 3242.92 s, 3237824.3359826203 n/s
Section: 0.0 s, 262144.0 n/s
n = 10499999992, s = 109999999777, f = 10499999992
Total: 3242.92 s, 3237824.3329583677 n/s
Section: 0.0 s, 299593.14285714284 n/s
n = 10499999993, s = 120499999770, f = 10499999993
Total: 3242.92 s, 3237824.329696071 n/s
Section: 0.0 s, 279620.26666666666 n/s
n = 10500000000, s = 130999999770, f = 10500000000
Total: 3242.92 s, 3237824.327807871 n/s
Section: 0.0 s, 1727066.3529411764 n/s
n = 20000000000, s = 150999999770, f = 20000000000
Total: 3342.17 s, 5984132.478295987 n/s
Section: 99.25 s, 95714388.11642984 n/s
n = 20499999984, s = 171499999754, f = 20499999984
Total: 3347.39 s, 6124168.347538672 n/s
Section: 5.22 s, 95761879.55540372 n/s
n = 20499999985, s = 191999999739, f = 20499999985
Total: 3347.39 s, 6124168.286333947 n/s
Section: 0.0 s, 29746.836879432623 n/s
n = 20499999986, s = 212499999725, f = 20499999986
Total: 3347.39 s, 6124168.274855428 n/s
Section: 0.0 s, 155344.59259259258 n/s
n = 20499999987, s = 232999999712, f = 20499999987
Total: 3347.39 s, 6124168.267302662 n/s
Section: 0.0 s, 233016.88888888888 n/s
n = 20499999988, s = 253499999700, f = 20499999988
Total: 3347.39 s, 6124168.260622285 n/s
Section: 0.0 s, 262144.0 n/s
n = 20499999989, s = 273999999689, f = 20499999989
Total: 3347.39 s, 6124168.254378104 n/s
Section: 0.0 s, 279620.26666666666 n/s
n = 20499999990, s = 294499999679, f = 20499999990
Total: 3347.39 s, 6124168.247697727 n/s
Section: 0.0 s, 262144.0 n/s
n = 20499999991, s = 314999999670, f = 20499999991
Total: 3347.39 s, 6124168.24188974 n/s
Section: 0.0 s, 299593.14285714284 n/s
n = 20499999992, s = 335499999662, f = 20499999992
Total: 3347.39 s, 6124168.235645559 n/s
Section: 0.0 s, 279620.26666666666 n/s
n = 20499999993, s = 355999999655, f = 20499999993
Total: 3347.39 s, 6124168.229837571 n/s
Section: 0.0 s, 299593.14285714284 n/s
n = 20500000000, s = 376499999655, f = 20500000000
Total: 3347.39 s, 6124168.224513439 n/s
Section: 0.0 s, 1727066.3529411764 n/s
n = 30000000000, s = 406499999655, f = 30000000000
Total: 3447.78 s, 8701242.973209297 n/s
Section: 100.39 s, 94631011.15495569 n/s
n = 30499999984, s = 436999999639, f = 30499999984
Total: 3453.08 s, 8832693.127761675 n/s
Section: 5.3 s, 94389894.23881848 n/s
n = 30499999985, s = 467499999624, f = 30499999985
Total: 3453.08 s, 8832693.045111 n/s
Section: 0.0 s, 30840.470588235294 n/s
n = 30499999986, s = 497999999610, f = 30499999986
Total: 3453.08 s, 8832693.032593645 n/s
Section: 0.0 s, 199728.7619047619 n/s
n = 30499999987, s = 528499999597, f = 30499999987
Total: 3453.08 s, 8832693.021905852 n/s
Section: 0.0 s, 233016.88888888888 n/s
n = 30499999988, s = 558999999585, f = 30499999988
Total: 3453.08 s, 8832693.009998351 n/s
Section: 0.0 s, 209715.2 n/s
n = 30499999989, s = 589499999574, f = 30499999989
Total: 3453.08 s, 8832693.001140123 n/s
Section: 0.0 s, 279620.26666666666 n/s
n = 30499999990, s = 619999999564, f = 30499999990
Total: 3453.08 s, 8832692.99167204 n/s
Section: 0.0 s, 262144.0 n/s
n = 30499999991, s = 650499999555, f = 30499999991
Total: 3453.08 s, 8832692.982813815 n/s
Section: 0.0 s, 279620.26666666666 n/s
n = 30499999992, s = 680999999547, f = 30499999992
Total: 3453.08 s, 8832692.973345732 n/s
Section: 0.0 s, 262144.0 n/s
n = 30499999993, s = 711499999540, f = 30499999993
Total: 3453.08 s, 8832692.96509736 n/s
Section: 0.0 s, 299593.14285714284 n/s
n = 30500000000, s = 741999999540, f = 30500000000
Total: 3453.08 s, 8832692.956757002 n/s
Section: 0.0 s, 1727066.3529411764 n/s
s(4) = 741999999540
===
d = 5
n = 0, s = 0, f = 0
Total: 4189.16 s, 0.0 n/s
Section: 736.08 s, -41435699.56912033 n/s
n = 10000000000, s = 10000000000, f = 10000000000
Total: 4288.6 s, 2331763.1597942826 n/s
Section: 99.44 s, 100563708.88540432 n/s
n = 20000000000, s = 30000000000, f = 20000000000
Total: 4395.54 s, 4550063.512802059 n/s
Section: 106.94 s, 93507914.8345001 n/s
n = 30000000000, s = 60000000000, f = 30000000000
Total: 4502.45 s, 6663042.566418191 n/s
Section: 106.9 s, 93541379.88660552 n/s
n = 40000000000, s = 100000000000, f = 40000000000
Total: 4609.08 s, 8678516.128474925 n/s
Section: 106.64 s, 93777603.79524484 n/s
s(5) = 100000000000
===
d = 6
n = 0, s = 0, f = 0
Total: 5237.93 s, 0.0 n/s
Section: 628.84 s, -63608923.36406443 n/s
n = 9500000000, s = 9500000000, f = 9500000000
Total: 5333.06 s, 1781342.0396337777 n/s
Section: 95.13 s, 99860918.35637729 n/s
n = 9628399986, s = 19128399986, f = 9628399986
Total: 5334.35 s, 1804981.0698254027 n/s
Section: 1.29 s, 99396270.54530206 n/s
n = 9628399987, s = 28756799973, f = 9628399987
Total: 5334.35 s, 1804981.06194551 n/s
Section: 0.0 s, 41943.04 n/s
n = 9628399988, s = 38385199961, f = 9628399988
Total: 5334.35 s, 1804981.060519503 n/s
Section: 0.0 s, 209715.2 n/s
n = 9628399989, s = 48013599950, f = 9628399989
Total: 5334.35 s, 1804981.0594161903 n/s
Section: 0.0 s, 262144.0 n/s
n = 9628399990, s = 57641999940, f = 9628399990
Total: 5334.35 s, 1804981.0580708566 n/s
Section: 0.0 s, 220752.84210526315 n/s
n = 9628399991, s = 67270399931, f = 9628399991
Total: 5334.35 s, 1804981.0568061967 n/s
Section: 0.0 s, 233016.88888888888 n/s
n = 9628399992, s = 76898799923, f = 9628399992
Total: 5334.35 s, 1804981.0557835575 n/s
Section: 0.0 s, 279620.26666666666 n/s
n = 9628399993, s = 86527199916, f = 9628399993
Total: 5334.35 s, 1804981.0546802448 n/s
Section: 0.0 s, 262144.0 n/s
n = 9628399994, s = 96155599910, f = 9628399994
Total: 5334.35 s, 1804981.0536576053 n/s
Section: 0.0 s, 279620.26666666666 n/s
n = 9628399995, s = 105783999905, f = 9628399995
Total: 5334.35 s, 1804981.052634966 n/s
Section: 0.0 s, 279620.26666666666 n/s
n = 10000000000, s = 115783999905, f = 10000000000
Total: 5338.1 s, 1873326.939008758 n/s
Section: 3.75 s, 99175557.24067296 n/s
n = 19500000000, s = 135283999905, f = 19500000000
Total: 5440.52 s, 3584217.7792163696 n/s
Section: 102.42 s, 92754313.68246922 n/s
n = 19628399986, s = 154912399891, f = 19628399986
Total: 5441.91 s, 3606894.3180646687 n/s
Section: 1.39 s, 92111482.7909441 n/s
n = 19628399987, s = 174540799878, f = 19628399987
Total: 5441.91 s, 3606894.2961251196 n/s
Section: 0.0 s, 29959.314285714285 n/s
n = 19628399988, s = 194169199866, f = 19628399988
Total: 5441.91 s, 3606894.292674335 n/s
Section: 0.0 s, 182361.04347826086 n/s
n = 19628399989, s = 213797599855, f = 19628399989
Total: 5441.91 s, 3606894.289855645 n/s
Section: 0.0 s, 220752.84210526315 n/s
n = 19628399990, s = 233425999845, f = 19628399990
Total: 5441.91 s, 3606894.2870369554 n/s
Section: 0.0 s, 220752.84210526315 n/s
n = 19628399991, s = 253054399836, f = 19628399991
Total: 5441.91 s, 3606894.2845343123 n/s
Section: 0.0 s, 246723.76470588235 n/s
n = 19628399992, s = 272682799828, f = 19628399992
Total: 5441.91 s, 3606894.282347717 n/s
Section: 0.0 s, 279620.26666666666 n/s
n = 19628399993, s = 292311199821, f = 19628399993
Total: 5441.91 s, 3606894.2796870507 n/s
Section: 0.0 s, 233016.88888888888 n/s
n = 19628399994, s = 311939599815, f = 19628399994
Total: 5441.91 s, 3606894.2773424317 n/s
Section: 0.0 s, 262144.0 n/s
n = 19628399995, s = 331567999810, f = 19628399995
Total: 5441.91 s, 3606894.2749978127 n/s
Section: 0.0 s, 262144.0 n/s
n = 20000000000, s = 351567999810, f = 20000000000
Total: 5445.92 s, 3672474.6949762683 n/s
Section: 4.01 s, 92727961.7849017 n/s
n = 29500000000, s = 381067999810, f = 29500000000
Total: 5547.85 s, 5317372.376890337 n/s
Section: 101.93 s, 93197679.73659623 n/s
n = 29628399986, s = 410696399796, f = 29628399986
Total: 5549.22 s, 5339202.700588303 n/s
Section: 1.37 s, 94058842.31950784 n/s
n = 29628399987, s = 440324799783, f = 29628399987
Total: 5549.22 s, 5339202.668423757 n/s
Section: 0.0 s, 29746.836879432623 n/s
n = 29628399988, s = 469953199771, f = 29628399988
Total: 5549.22 s, 5339202.664016054 n/s
Section: 0.0 s, 209715.2 n/s
n = 29628399989, s = 499581599760, f = 29628399989
Total: 5549.22 s, 5339202.659837747 n/s
Section: 0.0 s, 220752.84210526315 n/s
n = 29628399990, s = 529209999750, f = 29628399990
Total: 5549.22 s, 5339202.656118231 n/s
Section: 0.0 s, 246723.76470588235 n/s
n = 29628399991, s = 558838399741, f = 29628399991
Total: 5549.22 s, 5339202.65262811 n/s
Section: 0.0 s, 262144.0 n/s
n = 29628399992, s = 588466799733, f = 29628399992
Total: 5549.22 s, 5339202.648908594 n/s
Section: 0.0 s, 246723.76470588235 n/s
n = 29628399993, s = 618095199726, f = 29628399993
Total: 5549.22 s, 5339202.6454184735 n/s
Section: 0.0 s, 262144.0 n/s
n = 29628399994, s = 647723599720, f = 29628399994
Total: 5549.22 s, 5339202.642387143 n/s
Section: 0.0 s, 299593.14285714284 n/s
n = 29628399995, s = 677351999715, f = 29628399995
Total: 5549.22 s, 5339202.638897022 n/s
Section: 0.0 s, 262144.0 n/s
n = 30000000000, s = 707351999715, f = 30000000000
Total: 5553.17 s, 5402315.339624887 n/s
Section: 3.96 s, 93923144.04851018 n/s
n = 39500000000, s = 746851999715, f = 39500000000
Total: 5655.2 s, 6984723.784852345 n/s
Section: 102.02 s, 93115312.61573575 n/s
n = 39628399986, s = 786480399701, f = 39628399986
Total: 5656.56 s, 7005740.278872105 n/s
Section: 1.36 s, 94216630.9246802 n/s
n = 39628399987, s = 826108799688, f = 39628399987
Total: 5656.56 s, 7005740.240366535 n/s
Section: 0.0 s, 32017.58778625954 n/s
n = 39628399988, s = 865737199676, f = 39628399988
Total: 5656.56 s, 7005740.234047048 n/s
Section: 0.0 s, 190650.18181818182 n/s
n = 39628399989, s = 905365599665, f = 39628399989
Total: 5656.56 s, 7005740.228908701 n/s
Section: 0.0 s, 233016.88888888888 n/s
n = 39628399990, s = 944993999655, f = 39628399990
Total: 5656.56 s, 7005740.224360924 n/s
Section: 0.0 s, 262144.0 n/s
n = 39628399991, s = 984622399646, f = 39628399991
Total: 5656.56 s, 7005740.219813148 n/s
Section: 0.0 s, 262144.0 n/s
n = 39628399992, s = 1024250799638, f = 39628399992
Total: 5656.56 s, 7005740.215855941 n/s
Section: 0.0 s, 299593.14285714284 n/s
n = 39628399993, s = 1063879199631, f = 39628399993
Total: 5656.56 s, 7005740.2113081645 n/s
Section: 0.0 s, 262144.0 n/s
n = 39628399994, s = 1103507599625, f = 39628399994
Total: 5656.56 s, 7005740.207350958 n/s
Section: 0.0 s, 299593.14285714284 n/s
n = 39628399995, s = 1143135999620, f = 39628399995
Total: 5656.56 s, 7005740.2028031815 n/s
Section: 0.0 s, 262144.0 n/s
n = 40000000000, s = 1183135999620, f = 40000000000
Total: 5660.5 s, 7066510.887559813 n/s
Section: 3.94 s, 94298332.47147612 n/s
n = 49500000000, s = 1232635999620, f = 49500000000
Total: 5761.45 s, 8591589.34741002 n/s
Section: 100.95 s, 94109338.29659654 n/s
n = 49628399986, s = 1282264399606, f = 49628399986
Total: 5762.82 s, 8611831.108128687 n/s
Section: 1.37 s, 93882445.52777119 n/s
n = 49628399987, s = 1331892799593, f = 49628399987
Total: 5762.82 s, 8611831.061628526 n/s
Section: 0.0 s, 32017.58778625954 n/s
n = 49628399988, s = 1381521199581, f = 49628399988
Total: 5762.82 s, 8611831.054676298 n/s
Section: 0.0 s, 209715.2 n/s
n = 49628399989, s = 1431149599570, f = 49628399989
Total: 5762.82 s, 8611831.047011495 n/s
Section: 0.0 s, 190650.18181818182 n/s
n = 49628399990, s = 1480777999560, f = 49628399990
Total: 5762.82 s, 8611831.040771842 n/s
Section: 0.0 s, 233016.88888888888 n/s
n = 49628399991, s = 1530406399551, f = 49628399991
Total: 5762.82 s, 8611831.035244767 n/s
Section: 0.0 s, 262144.0 n/s
n = 49628399992, s = 1580034799543, f = 49628399992
Total: 5762.82 s, 8611831.030430265 n/s
Section: 0.0 s, 299593.14285714284 n/s
n = 49628399993, s = 1629663199536, f = 49628399993
Total: 5762.82 s, 8611831.024903188 n/s
Section: 0.0 s, 262144.0 n/s
n = 49628399994, s = 1679291599530, f = 49628399994
Total: 5762.82 s, 8611831.020088686 n/s
Section: 0.0 s, 299593.14285714284 n/s
n = 49628399995, s = 1728919999525, f = 49628399995
Total: 5762.82 s, 8611831.01456161 n/s
Section: 0.0 s, 262144.0 n/s
n = 50000000000, s = 1778919999525, f = 50000000000
Total: 5766.79 s, 8670334.050766509 n/s
Section: 3.97 s, 93502787.4623461 n/s
n = 59500000000, s = 1838419999525, f = 59500000000
Total: 5869.41 s, 10137313.228947245 n/s
Section: 102.61 s, 92579233.80192152 n/s
n = 59628399986, s = 1898048399511, f = 59628399986
Total: 5870.79 s, 10156791.743033947 n/s
Section: 1.39 s, 92671103.8464149 n/s
n = 59628399987, s = 1957676799498, f = 59628399987
Total: 5870.79 s, 10156791.707731236 n/s
Section: 0.0 s, 48770.976744186046 n/s
n = 59628399988, s = 2017305199486, f = 59628399988
Total: 5870.79 s, 10156791.699652025 n/s
Section: 0.0 s, 209715.2 n/s
n = 59628399989, s = 2076933599475, f = 59628399989
Total: 5870.79 s, 10156791.690747859 n/s
Section: 0.0 s, 190650.18181818182 n/s
n = 59628399990, s = 2136561999465, f = 59628399990
Total: 5870.79 s, 10156791.683493603 n/s
Section: 0.0 s, 233016.88888888888 n/s
n = 59628399991, s = 2196190399456, f = 59628399991
Total: 5870.79 s, 10156791.676651824 n/s
Section: 0.0 s, 246723.76470588235 n/s
n = 59628399992, s = 2255818799448, f = 59628399992
Total: 5870.79 s, 10156791.670635 n/s
Section: 0.0 s, 279620.26666666666 n/s
n = 59628399993, s = 2315447199441, f = 59628399993
Total: 5870.79 s, 10156791.664205698 n/s
Section: 0.0 s, 262144.0 n/s
n = 59628399994, s = 2375075599435, f = 59628399994
Total: 5870.79 s, 10156791.658601351 n/s
Section: 0.0 s, 299593.14285714284 n/s
n = 59628399995, s = 2434703999430, f = 59628399995
Total: 5870.79 s, 10156791.651759572 n/s
Section: 0.0 s, 246723.76470588235 n/s
s(6) = 2434703999430
===
d = 7
n = 0, s = 0, f = 0
Total: 6297.94 s, 0.0 n/s
Section: 427.14 s, -139597702.6660308 n/s
n = 9465000000, s = 9465000000, f = 9465000000
Total: 6392.1 s, 1480735.100838763 n/s
Section: 94.16 s, 100520478.79769395 n/s
n = 9471736170, s = 18936736170, f = 9471736170
Total: 6392.16 s, 1481773.3964528735 n/s
Section: 0.07 s, 100533185.22358266 n/s
n = 9500000000, s = 28436736170, f = 9500000000
Total: 6392.44 s, 1486129.5088895096 n/s
Section: 0.28 s, 100282960.72019395 n/s
n = 9757536170, s = 38194272340, f = 9757536170
Total: 6395.01 s, 1525803.9764624594 n/s
Section: 2.57 s, 100258928.91640422 n/s
n = 9965000000, s = 48159272340, f = 9965000000
Total: 6397.08 s, 1557740.7834004613 n/s
Section: 2.07 s, 100130509.7813775 n/s
n = 9971736170, s = 58131008510, f = 9971736170
Total: 6397.15 s, 1558777.410572207 n/s
Section: 0.07 s, 100213684.72537802 n/s
n = 10000000000, s = 68131008510, f = 10000000000
Total: 6397.44 s, 1563126.4653872715 n/s
Section: 0.28 s, 99894747.8969934 n/s
n = 19465000000, s = 87596008510, f = 19465000000
Total: 6498.51 s, 2995300.06359188 n/s
Section: 101.08 s, 93639466.29390918 n/s
n = 19471736170, s = 107067744680, f = 19471736170
Total: 6498.59 s, 2996303.698476512 n/s
Section: 0.07 s, 94300759.23674364 n/s
n = 19500000000, s = 126567744680, f = 19500000000
Total: 6498.89 s, 3000514.658108574 n/s
Section: 0.3 s, 94381173.32034017 n/s
n = 19757536170, s = 146325280850, f = 19757536170
Total: 6501.62 s, 3038865.6729065077 n/s
Section: 2.73 s, 94321630.39986658 n/s
n = 19965000000, s = 166290280850, f = 19965000000
Total: 6503.82 s, 3069736.5080701564 n/s
Section: 2.2 s, 94300216.15809411 n/s
n = 19971736170, s = 186262017020, f = 19971736170
Total: 6503.89 s, 3070738.4419450383 n/s
Section: 0.07 s, 94118246.90757915 n/s
n = 20000000000, s = 206262017020, f = 20000000000
Total: 6504.19 s, 3074942.3856056766 n/s
Section: 0.3 s, 94276917.07668388 n/s
n = 29465000000, s = 235727017020, f = 29465000000
Total: 6605.87 s, 4460424.453546131 n/s
Section: 101.69 s, 93080053.69928156 n/s
n = 29471736170, s = 265198753190, f = 29471736170
Total: 6605.95 s, 4461394.999391685 n/s
Section: 0.07 s, 92507791.86452664 n/s
n = 29500000000, s = 294698753190, f = 29500000000
Total: 6606.25 s, 4465467.090268162 n/s
Section: 0.31 s, 92542691.46527046 n/s
n = 29757536170, s = 324456289360, f = 29757536170
Total: 6609.02 s, 4502562.468264445 n/s
Section: 2.77 s, 92953489.56273906 n/s
n = 29965000000, s = 354421289360, f = 29965000000
Total: 6611.25 s, 4532423.892527704 n/s
Section: 2.23 s, 93017433.6954533 n/s
n = 29971736170, s = 384393025530, f = 29971736170
Total: 6611.33 s, 4533393.209152541 n/s
Section: 0.07 s, 93167306.74967684 n/s
n = 30000000000, s = 414393025530, f = 30000000000
Total: 6611.63 s, 4537460.208027548 n/s
Section: 0.3 s, 93230604.31452397 n/s
n = 39465000000, s = 453858025530, f = 39465000000
Total: 6713.67 s, 5878307.823192511 n/s
Section: 102.04 s, 92759052.46706736 n/s
n = 39471736170, s = 493329761700, f = 39471736170
Total: 6713.74 s, 5879247.261375661 n/s
Section: 0.07 s, 92295651.29909839 n/s
n = 39500000000, s = 532829761700, f = 39500000000
Total: 6714.05 s, 5883187.182812597 n/s
Section: 0.31 s, 91755498.8659501 n/s
n = 39757536170, s = 572587297870, f = 39757536170
Total: 6716.84 s, 5919083.211215369 n/s
Section: 2.79 s, 92227137.71086878 n/s
n = 39965000000, s = 612552297870, f = 39965000000
Total: 6719.08 s, 5947984.648486969 n/s
Section: 2.24 s, 92520506.33536056 n/s
n = 39971736170, s = 652524034040, f = 39971736170
Total: 6719.16 s, 5948922.864765953 n/s
Section: 0.07 s, 92714824.5552872 n/s
n = 40000000000, s = 692524034040, f = 40000000000
Total: 6719.46 s, 5952858.664375992 n/s
Section: 0.31 s, 92517485.66690704 n/s
n = 49465000000, s = 741989034040, f = 49465000000
Total: 6819.43 s, 7253535.4377128165 n/s
Section: 99.97 s, 94676109.88690072 n/s
n = 49471736170, s = 791460770210, f = 49471736170
Total: 6819.51 s, 7254445.98911542 n/s
Section: 0.07 s, 92775409.14791963 n/s
n = 49500000000, s = 840960770210, f = 49500000000
Total: 6819.81 s, 7258265.281385944 n/s
Section: 0.31 s, 92485582.83675173 n/s
n = 49757536170, s = 890718306380, f = 49757536170
Total: 6822.58 s, 7293066.578465031 n/s
Section: 2.77 s, 92991324.01579343 n/s
n = 49965000000, s = 940683306380, f = 49965000000
Total: 6824.81 s, 7321078.348940717 n/s
Section: 2.23 s, 92889402.47285372 n/s
n = 49971736170, s = 990655042550, f = 49971736170
Total: 6824.89 s, 7321987.204997509 n/s
Section: 0.07 s, 92468130.40029585 n/s
n = 50000000000, s = 1040655042550, f = 50000000000
Total: 6825.19 s, 7325802.1248531 n/s
Section: 0.3 s, 92956897.8565049 n/s
n = 59465000000, s = 1100120042550, f = 59465000000
Total: 6926.87 s, 8584681.818006951 n/s
Section: 101.68 s, 93084554.88185304 n/s
n = 59471736170, s = 1159591778720, f = 59471736170
Total: 6926.94 s, 8585565.035213713 n/s
Section: 0.07 s, 93546420.60372086 n/s
n = 59500000000, s = 1219091778720, f = 59500000000
Total: 6927.25 s, 8589270.37335947 n/s
Section: 0.3 s, 93473634.1313047 n/s
n = 59757536170, s = 1278849314890, f = 59757536170
Total: 6929.99 s, 8623037.499441026 n/s
Section: 2.74 s, 94007957.10487324 n/s
n = 59965000000, s = 1338814314890, f = 59965000000
Total: 6932.19 s, 8650229.530265661 n/s
Section: 2.2 s, 94336887.20520562 n/s
n = 59971736170, s = 1398786051060, f = 59971736170
Total: 6932.26 s, 8651112.353684848 n/s
Section: 0.07 s, 94560823.51534705 n/s
n = 60000000000, s = 1458786051060, f = 60000000000
Total: 6932.56 s, 8654815.409978723 n/s
Section: 0.3 s, 94327327.60617554 n/s
n = 69465000000, s = 1528251051060, f = 69465000000
Total: 7034.3 s, 9875179.763038734 n/s
Section: 101.75 s, 93026262.21982819 n/s
n = 69471736170, s = 1597722787230, f = 69471736170
Total: 7034.37 s, 9876035.45278184 n/s
Section: 0.07 s, 92786072.91801038 n/s
n = 69500000000, s = 1667222787230, f = 69500000000
Total: 7034.68 s, 9879626.696973862 n/s
Section: 0.3 s, 93026852.67600594 n/s
n = 69757536170, s = 1736980323400, f = 69757536170
Total: 7037.45 s, 9912336.200558774 n/s
Section: 2.77 s, 93047396.08176294 n/s
n = 69965000000, s = 1806945323400, f = 69965000000
Total: 7039.68 s, 9938660.72195211 n/s
Section: 2.23 s, 92852104.10383533 n/s
n = 69971736170, s = 1876917059570, f = 69971736170
Total: 7039.75 s, 9939515.467830053 n/s
Section: 0.07 s, 93117256.25514552 n/s
s(7) = 1876917059570
===
d = 8
n = 0, s = 0, f = 0
Total: 7360.81 s, 0.0 n/s
Section: 321.05 s, -217943746.25372344 n/s
n = 9465000000, s = 9465000000, f = 9465000000
Total: 7454.98 s, 1269621.922943808 n/s
Section: 94.17 s, 100511966.45762111 n/s
n = 9486799989, s = 18951799989, f = 9486799989
Total: 7455.2 s, 1272508.5983669122 n/s
Section: 0.22 s, 99110931.60624349 n/s
n = 9486799990, s = 28438599979, f = 9486799990
Total: 7455.2 s, 1272508.596791854 n/s
Section: 0.0 s, 99864.38095238095 n/s
n = 9486799991, s = 37925399970, f = 9486799991
Total: 7455.2 s, 1272508.5961527822 n/s
Section: 0.0 s, 220752.84210526315 n/s
n = 9486799992, s = 47412199962, f = 9486799992
Total: 7455.2 s, 1272508.5955951007 n/s
Section: 0.0 s, 246723.76470588235 n/s
n = 9486799993, s = 56898999955, f = 9486799993
Total: 7455.2 s, 1272508.5950781142 n/s
Section: 0.0 s, 262144.0 n/s
n = 9486799994, s = 66385799949, f = 9486799994
Total: 7455.2 s, 1272508.5945204326 n/s
Section: 0.0 s, 246723.76470588235 n/s
n = 9486799995, s = 75872599944, f = 9486799995
Total: 7455.2 s, 1272508.593962751 n/s
Section: 0.0 s, 246723.76470588235 n/s
n = 9486799996, s = 85359399940, f = 9486799996
Total: 7455.2 s, 1272508.5934864597 n/s
Section: 0.0 s, 279620.26666666666 n/s
n = 9486799997, s = 94846199937, f = 9486799997
Total: 7455.2 s, 1272508.5930101683 n/s
Section: 0.0 s, 279620.26666666666 n/s
n = 9497400000, s = 104343599937, f = 9497400000
Total: 7455.3 s, 1273912.1585643964 n/s
Section: 0.11 s, 99182474.01159592 n/s
n = 9498399989, s = 113841999926, f = 9498399989
Total: 7455.31 s, 1274044.5518156353 n/s
Section: 0.01 s, 98325195.45809597 n/s
n = 9498399990, s = 123340399916, f = 9498399990
Total: 7455.31 s, 1274044.5510941532 n/s
Section: 0.0 s, 199728.7619047619 n/s
n = 9498399991, s = 132838799907, f = 9498399991
Total: 7455.31 s, 1274044.5505356453 n/s
Section: 0.0 s, 246723.76470588235 n/s
n = 9498399992, s = 142337199899, f = 9498399992
Total: 7455.31 s, 1274044.5499771375 n/s
Section: 0.0 s, 246723.76470588235 n/s
n = 9498399993, s = 151835599892, f = 9498399993
Total: 7455.31 s, 1274044.5494186298 n/s
Section: 0.0 s, 246723.76470588235 n/s
n = 9498399994, s = 161333999886, f = 9498399994
Total: 7455.31 s, 1274044.5489008655 n/s
Section: 0.0 s, 262144.0 n/s
n = 9498399995, s = 170832399881, f = 9498399995
Total: 7455.31 s, 1274044.5483831014 n/s
Section: 0.0 s, 262144.0 n/s
n = 9498399996, s = 180330799877, f = 9498399996
Total: 7455.31 s, 1274044.547946824 n/s
Section: 0.0 s, 299593.14285714284 n/s
n = 9498399997, s = 189829199874, f = 9498399997
Total: 7455.31 s, 1274044.5474290599 n/s
Section: 0.0 s, 262144.0 n/s
n = 9500000000, s = 199329199874, f = 9500000000
Total: 7455.33 s, 1274256.375064081 n/s
Section: 0.02 s, 98200134.37293492 n/s
n = 9882536171, s = 209211736045, f = 9882536171
Total: 7459.18 s, 1324882.138122494 n/s
Section: 3.85 s, 99288501.42261152 n/s
n = 9965000000, s = 219176736045, f = 9965000000
Total: 7460.01 s, 1335788.621782698 n/s
Section: 0.83 s, 99203274.69582242 n/s
n = 9986799989, s = 229163536034, f = 9986799989
Total: 7460.23 s, 1338671.5355000566 n/s
Section: 0.22 s, 99459475.31472044 n/s
n = 9986799990, s = 239150336024, f = 9986799990
Total: 7460.23 s, 1338671.5331955226 n/s
Section: 0.0 s, 73584.28070175438 n/s
n = 9986799991, s = 249137136015, f = 9986799991
Total: 7460.23 s, 1338671.5323883612 n/s
Section: 0.0 s, 190650.18181818182 n/s
n = 9986799992, s = 259123936007, f = 9986799992
Total: 7460.23 s, 1338671.531709546 n/s
Section: 0.0 s, 220752.84210526315 n/s
n = 9986799993, s = 269110736000, f = 9986799993
Total: 7460.23 s, 1338671.5311162947 n/s
Section: 0.0 s, 246723.76470588235 n/s
n = 9986799994, s = 279097535994, f = 9986799994
Total: 7460.23 s, 1338671.5305230436 n/s
Section: 0.0 s, 246723.76470588235 n/s
n = 9986799995, s = 289084335989, f = 9986799995
Total: 7460.23 s, 1338671.5299725747 n/s
Section: 0.0 s, 262144.0 n/s
n = 9986799996, s = 299071135985, f = 9986799996
Total: 7460.23 s, 1338671.5292937595 n/s
Section: 0.0 s, 220752.84210526315 n/s
n = 9986799997, s = 309057935982, f = 9986799997
Total: 7460.23 s, 1338671.5287005082 n/s
Section: 0.0 s, 246723.76470588235 n/s
n = 9997400000, s = 319055335982, f = 9997400000
Total: 7460.34 s, 1340073.2385547196 n/s
Section: 0.11 s, 99388007.58026887 n/s
n = 9998399989, s = 329053735971, f = 9998399989
Total: 7460.35 s, 1340205.461572324 n/s
Section: 0.01 s, 98830270.80411886 n/s
n = 9998399990, s = 339052135961, f = 9998399990
Total: 7460.35 s, 1340205.4609782486 n/s
Section: 0.0 s, 246723.76470588235 n/s
n = 9998399991, s = 349050535952, f = 9998399991
Total: 7460.35 s, 1340205.4603413432 n/s
Section: 0.0 s, 233016.88888888888 n/s
n = 9998399992, s = 359048935944, f = 9998399992
Total: 7460.35 s, 1340205.4597900985 n/s
Section: 0.0 s, 262144.0 n/s
n = 9998399993, s = 369047335937, f = 9998399993
Total: 7460.35 s, 1340205.4592816841 n/s
Section: 0.0 s, 279620.26666666666 n/s
n = 9998399994, s = 379045735931, f = 9998399994
Total: 7460.35 s, 1340205.4586447785 n/s
Section: 0.0 s, 233016.88888888888 n/s
n = 9998399995, s = 389044135926, f = 9998399995
Total: 7460.35 s, 1340205.4581363641 n/s
Section: 0.0 s, 279620.26666666666 n/s
n = 9998399996, s = 399042535922, f = 9998399996
Total: 7460.35 s, 1340205.4576279498 n/s
Section: 0.0 s, 279620.26666666666 n/s
n = 9998399997, s = 409040935919, f = 9998399997
Total: 7460.35 s, 1340205.457076705 n/s
Section: 0.0 s, 262144.0 n/s
n = 10000000000, s = 419040935919, f = 10000000000
Total: 7460.36 s, 1340417.051705356 n/s
Section: 0.02 s, 100062608.7779683 n/s
n = 19465000000, s = 438505935919, f = 19465000000
Total: 7562.04 s, 2574041.661721068 n/s
Section: 101.67 s, 93092554.37239599 n/s
n = 19486799989, s = 457992735908, f = 19486799989
Total: 7562.27 s, 2576844.617316318 n/s
Section: 0.23 s, 93015557.2876291 n/s
n = 19486799990, s = 477479535898, f = 19486799990
Total: 7562.27 s, 2576844.6133052553 n/s
Section: 0.0 s, 82241.25490196078 n/s
n = 19486799991, s = 496966335889, f = 19486799991
Total: 7562.27 s, 2576844.6117314263 n/s
Section: 0.0 s, 199728.7619047619 n/s
n = 19486799992, s = 516453135881, f = 19486799992
Total: 7562.27 s, 2576844.6104825623 n/s
Section: 0.0 s, 246723.76470588235 n/s
n = 19486799993, s = 535939935874, f = 19486799993
Total: 7562.27 s, 2576844.609152457 n/s
Section: 0.0 s, 233016.88888888888 n/s
n = 19486799994, s = 555426735868, f = 19486799994
Total: 7562.27 s, 2576844.6079848344 n/s
Section: 0.0 s, 262144.0 n/s
n = 19486799995, s = 574913535863, f = 19486799995
Total: 7562.27 s, 2576844.6068984526 n/s
Section: 0.0 s, 279620.26666666666 n/s
n = 19486799996, s = 594400335859, f = 19486799996
Total: 7562.27 s, 2576844.6057308298 n/s
Section: 0.0 s, 262144.0 n/s
n = 19486799997, s = 613887135856, f = 19486799997
Total: 7562.27 s, 2576844.604725689 n/s
Section: 0.0 s, 299593.14285714284 n/s
n = 19497400000, s = 633384535856, f = 19497400000
Total: 7562.39 s, 2578207.6313742977 n/s
Section: 0.11 s, 93456587.27817962 n/s
n = 19498399989, s = 652882935845, f = 19498399989
Total: 7562.4 s, 2578336.131280461 n/s
Section: 0.01 s, 91354283.469594 n/s
n = 19498399990, s = 672381335835, f = 19498399990
Total: 7562.4 s, 2578336.129380523 n/s
Section: 0.0 s, 167772.16 n/s
n = 19498399991, s = 691879735826, f = 19498399991
Total: 7562.4 s, 2578336.1282121674 n/s
Section: 0.0 s, 262144.0 n/s
n = 19498399992, s = 711378135818, f = 19498399992
Total: 7562.4 s, 2578336.1271250984 n/s
Section: 0.0 s, 279620.26666666666 n/s
n = 19498399993, s = 730876535811, f = 19498399993
Total: 7562.4 s, 2578336.1257941686 n/s
Section: 0.0 s, 233016.88888888888 n/s
n = 19498399994, s = 750374935805, f = 19498399994
Total: 7562.4 s, 2578336.1246258123 n/s
Section: 0.0 s, 262144.0 n/s
n = 19498399995, s = 769873335800, f = 19498399995
Total: 7562.4 s, 2578336.12362003 n/s
Section: 0.0 s, 299593.14285714284 n/s
n = 19498399996, s = 789371735796, f = 19498399996
Total: 7562.4 s, 2578336.122532961 n/s
Section: 0.0 s, 279620.26666666666 n/s
n = 19498399997, s = 808870135793, f = 19498399997
Total: 7562.4 s, 2578336.1214458914 n/s
Section: 0.0 s, 279620.26666666666 n/s
n = 19500000000, s = 828370135793, f = 19500000000
Total: 7562.41 s, 2578541.7880520327 n/s
Section: 0.02 s, 92357752.09754755 n/s
n = 19882536171, s = 848252671964, f = 19882536171
Total: 7566.52 s, 2627697.686164081 n/s
Section: 4.11 s, 93082326.0269575 n/s
n = 19965000000, s = 868217671964, f = 19965000000
Total: 7567.41 s, 2638286.56661226 n/s
Section: 0.89 s, 92863948.04395352 n/s
n = 19986799989, s = 888204471953, f = 19986799989
Total: 7567.65 s, 2641085.7887101984 n/s
Section: 0.23 s, 93296771.76913494 n/s
n = 19986799990, s = 908191271943, f = 19986799990
Total: 7567.65 s, 2641085.7861797037 n/s
Section: 0.0 s, 131072.0 n/s
n = 19986799991, s = 928178071934, f = 19986799991
Total: 7567.65 s, 2641085.7848141124 n/s
Section: 0.0 s, 233016.88888888888 n/s
n = 19986799992, s = 948164871926, f = 19986799992
Total: 7567.65 s, 2641085.783448521 n/s
Section: 0.0 s, 233016.88888888888 n/s
n = 19986799993, s = 968151671919, f = 19986799993
Total: 7567.65 s, 2641085.7822493445 n/s
Section: 0.0 s, 262144.0 n/s
n = 19986799994, s = 988138471913, f = 19986799994
Total: 7567.65 s, 2641085.7808837527 n/s
Section: 0.0 s, 233016.88888888888 n/s
n = 19986799995, s = 1008125271908, f = 19986799995
Total: 7567.65 s, 2641085.779684576 n/s
Section: 0.0 s, 262144.0 n/s
n = 19986799996, s = 1028112071904, f = 19986799996
Total: 7567.65 s, 2641085.7786518144 n/s
Section: 0.0 s, 299593.14285714284 n/s
n = 19986799997, s = 1048098871901, f = 19986799997
Total: 7567.65 s, 2641085.777452638 n/s
Section: 0.0 s, 262144.0 n/s
n = 19997400000, s = 1068096271901, f = 19997400000
Total: 7567.76 s, 2642446.7087101797 n/s
Section: 0.11 s, 93069226.78831497 n/s
n = 19998399989, s = 1088094671890, f = 19998399989
Total: 7567.77 s, 2642575.114203085 n/s
Section: 0.01 s, 93550828.8944997 n/s
n = 19998399990, s = 1108093071880, f = 19998399990
Total: 7567.77 s, 2642575.112919925 n/s
Section: 0.0 s, 246723.76470588235 n/s
n = 19998399991, s = 1128091471871, f = 19998399991
Total: 7567.77 s, 2642575.1116367644 n/s
Section: 0.0 s, 246723.76470588235 n/s
n = 19998399992, s = 1148089871863, f = 19998399992
Total: 7567.77 s, 2642575.1104368567 n/s
Section: 0.0 s, 262144.0 n/s
n = 19998399993, s = 1168088271856, f = 19998399993
Total: 7567.77 s, 2642575.109403455 n/s
Section: 0.0 s, 299593.14285714284 n/s
n = 19998399994, s = 1188086671850, f = 19998399994
Total: 7567.77 s, 2642575.1081202948 n/s
Section: 0.0 s, 246723.76470588235 n/s
n = 19998399995, s = 1208085071845, f = 19998399995
Total: 7567.77 s, 2642575.10700364 n/s
Section: 0.0 s, 279620.26666666666 n/s
n = 19998399996, s = 1228083471841, f = 19998399996
Total: 7567.77 s, 2642575.1058869855 n/s
Section: 0.0 s, 279620.26666666666 n/s
n = 19998399997, s = 1248081871838, f = 19998399997
Total: 7567.77 s, 2642575.0946967266 n/s
Section: 0.0 s, 30840.470588235294 n/s
n = 20000000000, s = 1268081871838, f = 20000000000
Total: 7567.79 s, 2642780.4224275835 n/s
Section: 0.02 s, 91663920.981697 n/s
n = 29465000000, s = 1297546871838, f = 29465000000
Total: 7668.85 s, 3842164.805666244 n/s
Section: 101.07 s, 93651209.67377618 n/s
n = 29486799989, s = 1327033671827, f = 29486799989
Total: 7669.09 s, 3844889.7803277313 n/s
Section: 0.23 s, 92867896.90076266 n/s
n = 29486799990, s = 1356520471817, f = 29486799990
Total: 7669.09 s, 3844889.7741229865 n/s
Section: 0.0 s, 79137.81132075471 n/s
n = 29486799991, s = 1386007271808, f = 29486799991
Total: 7669.09 s, 3844889.7717432305 n/s
Section: 0.0 s, 199728.7619047619 n/s
n = 29486799992, s = 1415494071800, f = 29486799992
Total: 7669.09 s, 3844889.7697220678 n/s
Section: 0.0 s, 233016.88888888888 n/s
n = 29486799993, s = 1444980871793, f = 29486799993
Total: 7669.09 s, 3844889.767700905 n/s
Section: 0.0 s, 233016.88888888888 n/s
n = 29486799994, s = 1474467671787, f = 29486799994
Total: 7669.09 s, 3844889.765679742 n/s
Section: 0.0 s, 233016.88888888888 n/s
n = 29486799995, s = 1503954471782, f = 29486799995
Total: 7669.09 s, 3844889.763897641 n/s
Section: 0.0 s, 262144.0 n/s
n = 29486799996, s = 1533441271778, f = 29486799996
Total: 7669.09 s, 3844889.7619960094 n/s
Section: 0.0 s, 246723.76470588235 n/s
n = 29486799997, s = 1562928071775, f = 29486799997
Total: 7669.09 s, 3844889.760094377 n/s
Section: 0.0 s, 246723.76470588235 n/s
n = 29497400000, s = 1592425471775, f = 29497400000
Total: 7669.2 s, 3846214.716588952 n/s
Section: 0.11 s, 92913432.60672176 n/s
n = 29498399989, s = 1621923871764, f = 29498399989
Total: 7669.21 s, 3846339.752990917 n/s
Section: 0.01 s, 93676192.93911645 n/s
n = 29498399990, s = 1651422271754, f = 29498399990
Total: 7669.21 s, 3846339.7507298277 n/s
Section: 0.0 s, 209715.2 n/s
n = 29498399991, s = 1680920671745, f = 29498399991
Total: 7669.21 s, 3846339.7487078863 n/s
Section: 0.0 s, 233016.88888888888 n/s
n = 29498399992, s = 1710419071737, f = 29498399992
Total: 7669.21 s, 3846339.746685945 n/s
Section: 0.0 s, 233016.88888888888 n/s
n = 29498399993, s = 1739917471730, f = 29498399993
Total: 7669.21 s, 3846339.7449031514 n/s
Section: 0.0 s, 262144.0 n/s
n = 29498399994, s = 1769415871724, f = 29498399994
Total: 7669.21 s, 3846339.7430007844 n/s
Section: 0.0 s, 246723.76470588235 n/s
n = 29498399995, s = 1798914271719, f = 29498399995
Total: 7669.21 s, 3846339.741217991 n/s
Section: 0.0 s, 262144.0 n/s
n = 29498399996, s = 1828412671715, f = 29498399996
Total: 7669.21 s, 3846339.739674346 n/s
Section: 0.0 s, 299593.14285714284 n/s
n = 29498399997, s = 1857911071712, f = 29498399997
Total: 7669.21 s, 3846339.7378915525 n/s
Section: 0.0 s, 262144.0 n/s
n = 29500000000, s = 1887411071712, f = 29500000000
Total: 7669.23 s, 3846539.7437348734 n/s
Section: 0.02 s, 93086693.33932559 n/s
n = 29882536171, s = 1917293607883, f = 29882536171
Total: 7673.34 s, 3894331.392519615 n/s
Section: 4.11 s, 93043698.9259337 n/s
n = 29965000000, s = 1947258607883, f = 29965000000
Total: 7674.23 s, 3904627.663504436 n/s
Section: 0.89 s, 93141027.62872349 n/s
n = 29986799989, s = 1977245407872, f = 29986799989
Total: 7674.46 s, 3907348.1998162447 n/s
Section: 0.24 s, 92388771.23797572 n/s
n = 29986799990, s = 2007232207862, f = 29986799990
Total: 7674.46 s, 3907348.1901141545 n/s
Section: 0.0 s, 51781.53086419753 n/s
n = 29986799991, s = 2037219007853, f = 29986799991
Total: 7674.46 s, 3907348.1875739302 n/s
Section: 0.0 s, 190650.18181818182 n/s
n = 29986799992, s = 2067205807845, f = 29986799992
Total: 7674.46 s, 3907348.1853978685 n/s
Section: 0.0 s, 220752.84210526315 n/s
n = 29986799993, s = 2097192607838, f = 29986799993
Total: 7674.46 s, 3907348.183343195 n/s
Section: 0.0 s, 233016.88888888888 n/s
n = 29986799994, s = 2127179407832, f = 29986799994
Total: 7674.46 s, 3907348.1816526838 n/s
Section: 0.0 s, 279620.26666666666 n/s
n = 29986799995, s = 2157166207827, f = 29986799995
Total: 7674.46 s, 3907348.1799621726 n/s
Section: 0.0 s, 279620.26666666666 n/s
n = 29986799996, s = 2187153007823, f = 29986799996
Total: 7674.46 s, 3907348.178150274 n/s
Section: 0.0 s, 262144.0 n/s
n = 29986799997, s = 2217139807820, f = 29986799997
Total: 7674.46 s, 3907348.1760956 n/s
Section: 0.0 s, 233016.88888888888 n/s
n = 29997400000, s = 2247137207820, f = 29997400000
Total: 7674.58 s, 3908671.7371621295 n/s
Section: 0.11 s, 93656411.24668114 n/s
n = 29998399989, s = 2277135607809, f = 29998399989
Total: 7674.59 s, 3908796.64333884 n/s
Section: 0.01 s, 94443996.00666517 n/s
n = 29998399990, s = 2307134007799, f = 29998399990
Total: 7674.59 s, 3908796.641283389 n/s
Section: 0.0 s, 233016.88888888888 n/s
n = 29998399991, s = 2337132407790, f = 29998399991
Total: 7674.59 s, 3908796.6393493693 n/s
Section: 0.0 s, 246723.76470588235 n/s
n = 29998399992, s = 2367130807782, f = 29998399992
Total: 7674.59 s, 3908796.637415349 n/s
Section: 0.0 s, 246723.76470588235 n/s
n = 29998399993, s = 2397129207775, f = 29998399993
Total: 7674.59 s, 3908796.63572419 n/s
Section: 0.0 s, 279620.26666666666 n/s
n = 29998399994, s = 2427127607769, f = 29998399994
Total: 7674.59 s, 3908796.6340330313 n/s
Section: 0.0 s, 279620.26666666666 n/s
n = 29998399995, s = 2457126007764, f = 29998399995
Total: 7674.59 s, 3908796.632220442 n/s
Section: 0.0 s, 262144.0 n/s
n = 29998399996, s = 2487124407760, f = 29998399996
Total: 7674.59 s, 3908796.630772144 n/s
Section: 0.0 s, 322638.76923076925 n/s
n = 29998399997, s = 2517122807757, f = 29998399997
Total: 7674.59 s, 3908796.629080985 n/s
Section: 0.0 s, 279620.26666666666 n/s
n = 30000000000, s = 2547122807757, f = 30000000000
Total: 7674.6 s, 3908996.3239128306 n/s
Section: 0.02 s, 92757314.9996821 n/s
n = 39465000000, s = 2586587807757, f = 39465000000
Total: 7775.95 s, 5075267.071318498 n/s
Section: 101.34 s, 93397381.8211114 n/s
n = 39486799989, s = 2626074607746, f = 39486799989
Total: 7776.18 s, 5077917.925248232 n/s
Section: 0.23 s, 93251765.95282124 n/s
n = 39486799990, s = 2665561407736, f = 39486799990
Total: 7776.18 s, 5077917.916502525 n/s
Section: 0.0 s, 73584.28070175438 n/s
n = 39486799991, s = 2705048207727, f = 39486799991
Total: 7776.18 s, 5077917.913517332 n/s
Section: 0.0 s, 209715.2 n/s
n = 39486799992, s = 2744535007719, f = 39486799992
Total: 7776.18 s, 5077917.910843517 n/s
Section: 0.0 s, 233016.88888888888 n/s
n = 39486799993, s = 2784021807712, f = 39486799993
Total: 7776.18 s, 5077917.908481082 n/s
Section: 0.0 s, 262144.0 n/s
n = 39486799994, s = 2823508607706, f = 39486799994
Total: 7776.18 s, 5077917.905651578 n/s
Section: 0.0 s, 220752.84210526315 n/s
n = 39486799995, s = 2862995407701, f = 39486799995
Total: 7776.18 s, 5077917.903289143 n/s
Section: 0.0 s, 262144.0 n/s
n = 39486799996, s = 2902482207697, f = 39486799996
Total: 7776.18 s, 5077917.901393776 n/s
Section: 0.0 s, 322638.76923076925 n/s
n = 39486799997, s = 2941969007694, f = 39486799997
Total: 7776.18 s, 5077917.899031341 n/s
Section: 0.0 s, 262144.0 n/s
n = 39497400000, s = 2981466407694, f = 39497400000
Total: 7776.29 s, 5079206.999209886 n/s
Section: 0.11 s, 93515559.72637534 n/s
n = 39498399989, s = 3020964807683, f = 39498399989
Total: 7776.3 s, 5079328.567995253 n/s
Section: 0.01 s, 92968145.02174443 n/s
n = 39498399990, s = 3060463207673, f = 39498399990
Total: 7776.3 s, 5079328.565320702 n/s
Section: 0.0 s, 233016.88888888888 n/s
n = 39498399991, s = 3099961607664, f = 39498399991
Total: 7776.3 s, 5079328.562646152 n/s
Section: 0.0 s, 233016.88888888888 n/s
n = 39498399992, s = 3139460007656, f = 39498399992
Total: 7776.3 s, 5079328.560438793 n/s
Section: 0.0 s, 279620.26666666666 n/s
n = 39498399993, s = 3178958407649, f = 39498399993
Total: 7776.3 s, 5079328.558231434 n/s
Section: 0.0 s, 279620.26666666666 n/s
n = 39498399994, s = 3218456807643, f = 39498399994
Total: 7776.3 s, 5079328.556179806 n/s
Section: 0.0 s, 299593.14285714284 n/s
n = 39498399995, s = 3257955207638, f = 39498399995
Total: 7776.3 s, 5079328.553816716 n/s
Section: 0.0 s, 262144.0 n/s
n = 39498399996, s = 3297453607634, f = 39498399996
Total: 7776.3 s, 5079328.52918419 n/s
Section: 0.0 s, 26379.270440251574 n/s
n = 39498399997, s = 3336952007631, f = 39498399997
Total: 7776.3 s, 5079328.526509639 n/s
Section: 0.0 s, 233016.88888888888 n/s
n = 39500000000, s = 3376452007631, f = 39500000000
Total: 7776.32 s, 5079523.046768238 n/s
Section: 0.02 s, 93037653.47648029 n/s
n = 39882536171, s = 3416334543802, f = 39882536171
Total: 7780.45 s, 5125995.495156014 n/s
Section: 4.13 s, 92706319.07018614 n/s
n = 39965000000, s = 3456299543802, f = 39965000000
Total: 7781.34 s, 5136006.708352784 n/s
Section: 0.89 s, 92634312.84288517 n/s
n = 39986799989, s = 3496286343791, f = 39986799989
Total: 7781.57 s, 5138653.009201049 n/s
Section: 0.24 s, 92716285.68424106 n/s
n = 39986799990, s = 3536273143781, f = 39986799990
Total: 7781.57 s, 5138653.002087202 n/s
Section: 0.0 s, 91180.52173913043 n/s
n = 39986799991, s = 3576259943772, f = 39986799991
Total: 7781.57 s, 5138652.998909418 n/s
Section: 0.0 s, 199728.7619047619 n/s
n = 39986799992, s = 3616246743764, f = 39986799992
Total: 7781.57 s, 5138652.996046518 n/s
Section: 0.0 s, 220752.84210526315 n/s
n = 39986799993, s = 3656233543757, f = 39986799993
Total: 7781.57 s, 5138652.993655947 n/s
Section: 0.0 s, 262144.0 n/s
n = 39986799994, s = 3696220343751, f = 39986799994
Total: 7781.57 s, 5138652.9907930475 n/s
Section: 0.0 s, 220752.84210526315 n/s
n = 39986799995, s = 3736207143746, f = 39986799995
Total: 7781.57 s, 5138652.988245034 n/s
Section: 0.0 s, 246723.76470588235 n/s
n = 39986799996, s = 3776193943742, f = 39986799996
Total: 7781.57 s, 5138652.985382134 n/s
Section: 0.0 s, 220752.84210526315 n/s
n = 39986799997, s = 3816180743739, f = 39986799997
Total: 7781.57 s, 5138652.982991563 n/s
Section: 0.0 s, 262144.0 n/s
n = 39997400000, s = 3856178143739, f = 39997400000
Total: 7781.69 s, 5139939.301777778 n/s
Section: 0.11 s, 92278962.42997451 n/s
n = 39998399989, s = 3896176543728, f = 39998399989
Total: 7781.7 s, 5140060.466902304 n/s
Section: 0.01 s, 89986223.18506758 n/s
n = 39998399990, s = 3936174943718, f = 39998399990
Total: 7781.7 s, 5140060.460259038 n/s
Section: 0.0 s, 97541.95348837209 n/s
n = 39998399991, s = 3976173343709, f = 39998399991
Total: 7781.7 s, 5140060.457395365 n/s
Section: 0.0 s, 220752.84210526315 n/s
n = 39998399992, s = 4016171743701, f = 39998399992
Total: 7781.7 s, 5140060.454531694 n/s
Section: 0.0 s, 220752.84210526315 n/s
n = 39998399993, s = 4056170143694, f = 39998399993
Total: 7781.7 s, 5140060.452140471 n/s
Section: 0.0 s, 262144.0 n/s
n = 39998399994, s = 4096168543688, f = 39998399994
Total: 7781.7 s, 5140060.449906731 n/s
Section: 0.0 s, 279620.26666666666 n/s
n = 39998399995, s = 4136166943683, f = 39998399995
Total: 7781.7 s, 5140060.447358025 n/s
Section: 0.0 s, 246723.76470588235 n/s
n = 39998399996, s = 4176165343679, f = 39998399996
Total: 7781.7 s, 5140060.444966802 n/s
Section: 0.0 s, 262144.0 n/s
n = 39998399997, s = 4216163743676, f = 39998399997
Total: 7781.7 s, 5140060.442890546 n/s
Section: 0.0 s, 299593.14285714284 n/s
n = 40000000000, s = 4256163743676, f = 40000000000
Total: 7781.72 s, 5140254.465402578 n/s
Section: 0.02 s, 91201758.32613511 n/s
n = 49465000000, s = 4305628743676, f = 49465000000
Total: 7883.67 s, 6274360.8895755075 n/s
Section: 101.96 s, 92834563.33539085 n/s
n = 49486799989, s = 4355115543665, f = 49486799989
Total: 7883.9 s, 6276940.3383356845 n/s
Section: 0.23 s, 93438542.78879094 n/s
n = 49486799990, s = 4404602343655, f = 49486799990
Total: 7883.9 s, 6276940.330489998 n/s
Section: 0.0 s, 99864.38095238095 n/s
n = 49486799991, s = 4454089143646, f = 49486799991
Total: 7883.9 s, 6276940.3264407525 n/s
Section: 0.0 s, 190650.18181818182 n/s
n = 49486799992, s = 4503575943638, f = 49486799992
Total: 7883.9 s, 6276940.323150796 n/s
Section: 0.0 s, 233016.88888888888 n/s
n = 49486799993, s = 4553062743631, f = 49486799993
Total: 7883.9 s, 6276940.320050661 n/s
Section: 0.0 s, 246723.76470588235 n/s
n = 49486799994, s = 4602549543625, f = 49486799994
Total: 7883.9 s, 6276940.31733017 n/s
Section: 0.0 s, 279620.26666666666 n/s
n = 49486799995, s = 4652036343620, f = 49486799995
Total: 7883.9 s, 6276940.314419858 n/s
Section: 0.0 s, 262144.0 n/s
n = 49486799996, s = 4701523143616, f = 49486799996
Total: 7883.9 s, 6276940.311129902 n/s
Section: 0.0 s, 233016.88888888888 n/s
n = 49486799997, s = 4751009943613, f = 49486799997
Total: 7883.9 s, 6276940.3084094105 n/s
Section: 0.0 s, 279620.26666666666 n/s
n = 49497400000, s = 4800507343613, f = 49497400000
Total: 7884.02 s, 6278194.11496828 n/s
Section: 0.11 s, 93060850.03581804 n/s
n = 49498399989, s = 4850005743602, f = 49498399989
Total: 7884.03 s, 6278311.97088394 n/s
Section: 0.01 s, 88662280.95074621 n/s
n = 49498399990, s = 4899504143592, f = 49498399990
Total: 7884.03 s, 6278311.963226496 n/s
Section: 0.0 s, 102300.09756097561 n/s
n = 49498399991, s = 4949002543583, f = 49498399991
Total: 7884.03 s, 6278311.959366264 n/s
Section: 0.0 s, 199728.7619047619 n/s
n = 49498399992, s = 4998500943575, f = 49498399992
Total: 7884.03 s, 6278311.956265473 n/s
Section: 0.0 s, 246723.76470588235 n/s
n = 49498399993, s = 5047999343568, f = 49498399993
Total: 7884.03 s, 6278311.953354543 n/s
Section: 0.0 s, 262144.0 n/s
n = 49498399994, s = 5097497743562, f = 49498399994
Total: 7884.03 s, 6278311.950823334 n/s
Section: 0.0 s, 299593.14285714284 n/s
n = 49498399995, s = 5146996143557, f = 49498399995
Total: 7884.03 s, 6278311.946773241 n/s
Section: 0.0 s, 190650.18181818182 n/s
n = 49498399996, s = 5196494543553, f = 49498399996
Total: 7884.03 s, 6278311.941773845 n/s
Section: 0.0 s, 155344.59259259258 n/s
n = 49498399997, s = 5245992943550, f = 49498399997
Total: 7884.03 s, 6278311.938103473 n/s
Section: 0.0 s, 209715.2 n/s
n = 49500000000, s = 5295492943550, f = 49500000000
Total: 7884.05 s, 6278501.015775288 n/s
Section: 0.02 s, 91901167.8911028 n/s
n = 49882536171, s = 5345375479721, f = 49882536171
Total: 7888.16 s, 6323723.408044331 n/s
Section: 4.11 s, 93038050.05258718 n/s
n = 49965000000, s = 5395340479721, f = 49965000000
Total: 7889.05 s, 6333465.413866991 n/s
Section: 0.89 s, 92976756.1931973 n/s
n = 49986799989, s = 5445327279710, f = 49986799989
Total: 7889.28 s, 6336040.184698314 n/s
Section: 0.23 s, 92857333.98868884 n/s
n = 49986799990, s = 5495314079700, f = 49986799990
Total: 7889.28 s, 6336040.1633794485 n/s
Section: 0.0 s, 37449.142857142855 n/s
n = 49986799991, s = 5545300879691, f = 49986799991
Total: 7889.28 s, 6336040.159676627 n/s
Section: 0.0 s, 209715.2 n/s
n = 49986799992, s = 5595287679683, f = 49986799992
Total: 7889.28 s, 6336040.155782328 n/s
Section: 0.0 s, 199728.7619047619 n/s
n = 49986799993, s = 5645274479676, f = 49986799993
Total: 7889.28 s, 6336040.152462464 n/s
Section: 0.0 s, 233016.88888888888 n/s
n = 49986799994, s = 5695261279670, f = 49986799994
Total: 7889.28 s, 6336040.149525559 n/s
Section: 0.0 s, 262144.0 n/s
n = 49986799995, s = 5745248079665, f = 49986799995
Total: 7889.28 s, 6336040.14697161 n/s
Section: 0.0 s, 299593.14285714284 n/s
n = 49986799996, s = 5795234879661, f = 49986799996
Total: 7889.28 s, 6336040.144226183 n/s
Section: 0.0 s, 279620.26666666666 n/s
n = 49986799997, s = 5845221679658, f = 49986799997
Total: 7889.28 s, 6336040.141480756 n/s
Section: 0.0 s, 279620.26666666666 n/s
n = 49997400000, s = 5895219079658, f = 49997400000
Total: 7889.39 s, 6337292.11286115 n/s
Section: 0.11 s, 92931300.05165401 n/s
n = 49998399989, s = 5945217479647, f = 49998399989
Total: 7889.41 s, 6337410.182225375 n/s
Section: 0.01 s, 92525156.35340054 n/s
n = 49998399990, s = 5995215879637, f = 49998399990
Total: 7889.41 s, 6337410.178904819 n/s
Section: 0.0 s, 233016.88888888888 n/s
n = 49998399991, s = 6045214279628, f = 49998399991
Total: 7889.41 s, 6337410.175584263 n/s
Section: 0.0 s, 233016.88888888888 n/s
n = 49998399992, s = 6095212679620, f = 49998399992
Total: 7889.41 s, 6337410.172838259 n/s
Section: 0.0 s, 279620.26666666666 n/s
n = 49998399993, s = 6145211079613, f = 49998399993
Total: 7889.41 s, 6337410.170092254 n/s
Section: 0.0 s, 279620.26666666666 n/s
n = 49998399994, s = 6195209479607, f = 49998399994
Total: 7889.41 s, 6337410.143406608 n/s
Section: 0.0 s, 29959.314285714285 n/s
n = 49998399995, s = 6245207879602, f = 49998399995
Total: 7889.41 s, 6337410.139894535 n/s
Section: 0.0 s, 220752.84210526315 n/s
n = 49998399996, s = 6295206279598, f = 49998399996
Total: 7889.41 s, 6337410.136957013 n/s
Section: 0.0 s, 262144.0 n/s
n = 49998399997, s = 6345204679595, f = 49998399997
Total: 7889.41 s, 6337410.134402526 n/s
Section: 0.0 s, 299593.14285714284 n/s
n = 50000000000, s = 6395204679595, f = 50000000000
Total: 7889.42 s, 6337599.01449523 n/s
Section: 0.02 s, 92308207.35494697 n/s
n = 59465000000, s = 6454669679595, f = 59465000000
Total: 7990.82 s, 7441666.664303361 n/s
Section: 101.39 s, 93348367.39040269 n/s
n = 59486799989, s = 6514156479584, f = 59486799989
Total: 7991.05 s, 7444179.1740155015 n/s
Section: 0.23 s, 94187273.89494915 n/s
n = 59486799990, s = 6573643279574, f = 59486799990
Total: 7991.05 s, 7444179.161925013 n/s
Section: 0.0 s, 76260.07272727272 n/s
n = 59486799991, s = 6633130079565, f = 59486799991
Total: 7991.05 s, 7444179.157608107 n/s
Section: 0.0 s, 209715.2 n/s
n = 59486799992, s = 6692616879557, f = 59486799992
Total: 7991.05 s, 7444179.1532912 n/s
Section: 0.0 s, 209715.2 n/s
n = 59486799993, s = 6752103679550, f = 59486799993
Total: 7991.05 s, 7444179.147641679 n/s
Section: 0.0 s, 161319.38461538462 n/s
n = 59486799994, s = 6811590479544, f = 59486799994
Total: 7991.05 s, 7444179.142880568 n/s
Section: 0.0 s, 190650.18181818182 n/s
n = 59486799995, s = 6871077279539, f = 59486799995
Total: 7991.05 s, 7444179.139674174 n/s
Section: 0.0 s, 279620.26666666666 n/s
n = 59486799996, s = 6930564079535, f = 59486799996
Total: 7991.05 s, 7444179.1351351645 n/s
Section: 0.0 s, 199728.7619047619 n/s
n = 59486799997, s = 6990050879532, f = 59486799997
Total: 7991.05 s, 7444179.131928769 n/s
Section: 0.0 s, 279620.26666666666 n/s
n = 59497400000, s = 7049548279532, f = 59497400000
Total: 7991.16 s, 7445399.728934822 n/s
Section: 0.11 s, 93270722.24126813 n/s
n = 59498399989, s = 7109046679521, f = 59498399989
Total: 7991.17 s, 7445514.819113448 n/s
Section: 0.01 s, 92737919.00095075 n/s
n = 59498399990, s = 7168545079511, f = 59498399990
Total: 7991.17 s, 7445514.813907256 n/s
Section: 0.0 s, 174762.66666666666 n/s
n = 59498399991, s = 7228043479502, f = 59498399991
Total: 7991.17 s, 7445514.80958962 n/s
Section: 0.0 s, 209715.2 n/s
n = 59498399992, s = 7287541879494, f = 59498399992
Total: 7991.17 s, 7445514.8063826775 n/s
Section: 0.0 s, 279620.26666666666 n/s
n = 59498399993, s = 7347040279487, f = 59498399993
Total: 7991.17 s, 7445514.802953596 n/s
Section: 0.0 s, 262144.0 n/s
n = 59498399994, s = 7406538679481, f = 59498399994
Total: 7991.17 s, 7445514.799746653 n/s
Section: 0.0 s, 279620.26666666666 n/s
n = 59498399995, s = 7466037079476, f = 59498399995
Total: 7991.17 s, 7445514.796317572 n/s
Section: 0.0 s, 262144.0 n/s
n = 59498399996, s = 7525535479472, f = 59498399996
Total: 7991.17 s, 7445514.793332768 n/s
Section: 0.0 s, 299593.14285714284 n/s
n = 59498399997, s = 7585033879469, f = 59498399997
Total: 7991.17 s, 7445514.7901258245 n/s
Section: 0.0 s, 279620.26666666666 n/s
n = 59500000000, s = 7644533879469, f = 59500000000
Total: 7991.19 s, 7445699.095219952 n/s
Section: 0.02 s, 93664847.34970969 n/s
n = 59882536171, s = 7704416415640, f = 59882536171
Total: 7995.26 s, 7489757.970137938 n/s
Section: 4.07 s, 94081844.08971566 n/s
n = 59965000000, s = 7764381415640, f = 59965000000
Total: 7996.13 s, 7499250.256377477 n/s
Section: 0.88 s, 94119277.40773366 n/s
n = 59986799989, s = 7824368215629, f = 59986799989
Total: 7996.37 s, 7501756.258503574 n/s
Section: 0.23 s, 92831691.20327972 n/s
n = 59986799990, s = 7884355015619, f = 59986799990
Total: 7996.37 s, 7501756.229104017 n/s
Section: 0.0 s, 31775.030303030304 n/s
n = 59986799991, s = 7944341815610, f = 59986799991
Total: 7996.37 s, 7501756.2243083045 n/s
Section: 0.0 s, 190650.18181818182 n/s
n = 59986799992, s = 8004328615602, f = 59986799992
Total: 7996.37 s, 7501756.220630949 n/s
Section: 0.0 s, 246723.76470588235 n/s
n = 59986799993, s = 8064315415595, f = 59986799993
Total: 7996.37 s, 7501756.216953593 n/s
Section: 0.0 s, 246723.76470588235 n/s
n = 59986799994, s = 8124302215589, f = 59986799994
Total: 7996.37 s, 7501756.213052566 n/s
Section: 0.0 s, 233016.88888888888 n/s
n = 59986799995, s = 8184289015584, f = 59986799995
Total: 7996.37 s, 7501756.209822553 n/s
Section: 0.0 s, 279620.26666666666 n/s
n = 59986799996, s = 8244275815580, f = 59986799996
Total: 7996.37 s, 7501756.206816212 n/s
Section: 0.0 s, 299593.14285714284 n/s
n = 59986799997, s = 8304262615577, f = 59986799997
Total: 7996.37 s, 7501756.203586199 n/s
Section: 0.0 s, 279620.26666666666 n/s
n = 59997400000, s = 8364260015577, f = 59997400000
Total: 7996.48 s, 7502975.850069202 n/s
Section: 0.11 s, 93868981.35254362 n/s
n = 59998399989, s = 8424258415566, f = 59998399989
Total: 7996.49 s, 7503090.964142061 n/s
Section: 0.01 s, 94399357.71546893 n/s
n = 59998399990, s = 8484256815556, f = 59998399990
Total: 7996.49 s, 7503090.958898133 n/s
Section: 0.0 s, 174762.66666666666 n/s
n = 59998399991, s = 8544255215547, f = 59998399991
Total: 7996.49 s, 7503090.955220157 n/s
Section: 0.0 s, 246723.76470588235 n/s
n = 59998399992, s = 8604253615539, f = 59998399992
Total: 7996.49 s, 7503090.951765889 n/s
Section: 0.0 s, 262144.0 n/s
n = 59998399993, s = 8664252015532, f = 59998399993
Total: 7996.49 s, 7503090.94853533 n/s
Section: 0.0 s, 279620.26666666666 n/s
n = 59998399994, s = 8724250415526, f = 59998399994
Total: 7996.49 s, 7503090.945081062 n/s
Section: 0.0 s, 262144.0 n/s
n = 59998399995, s = 8784248815521, f = 59998399995
Total: 7996.49 s, 7503090.942297917 n/s
Section: 0.0 s, 322638.76923076925 n/s
n = 59998399996, s = 8844247215517, f = 59998399996
Total: 7996.49 s, 7503090.9386199415 n/s
Section: 0.0 s, 246723.76470588235 n/s
n = 59998399997, s = 8904245615514, f = 59998399997
Total: 7996.49 s, 7503090.935389382 n/s
Section: 0.0 s, 279620.26666666666 n/s
n = 60000000000, s = 8964245615514, f = 60000000000
Total: 7996.51 s, 7503274.928930644 n/s
Section: 0.02 s, 93280777.60048927 n/s
n = 69465000000, s = 9033710615514, f = 69465000000
Total: 8097.71 s, 8578348.755940482 n/s
Section: 101.2 s, 93523966.32056232 n/s
n = 69486799989, s = 9103197415503, f = 69486799989
Total: 8097.95 s, 8580792.002385374 n/s
Section: 0.23 s, 92821324.98064205 n/s
n = 69486799990, s = 9172684215493, f = 69486799990
Total: 8097.95 s, 8580791.980782302 n/s
Section: 0.0 s, 48770.976744186046 n/s
n = 69486799991, s = 9242171015484, f = 69486799991
Total: 8097.95 s, 8580791.974842563 n/s
Section: 0.0 s, 174762.66666666666 n/s
n = 69486799992, s = 9311657815476, f = 69486799992
Total: 8097.95 s, 8580791.970418632 n/s
Section: 0.0 s, 233016.88888888888 n/s
n = 69486799993, s = 9381144615469, f = 69486799993
Total: 8097.95 s, 8580791.96649997 n/s
Section: 0.0 s, 262144.0 n/s
n = 69486799994, s = 9450631415463, f = 69486799994
Total: 8097.95 s, 8580791.962833941 n/s
Section: 0.0 s, 279620.26666666666 n/s
n = 69486799995, s = 9520118215458, f = 69486799995
Total: 8097.95 s, 8580791.958915278 n/s
Section: 0.0 s, 262144.0 n/s
n = 69486799996, s = 9589605015454, f = 69486799996
Total: 8097.95 s, 8580791.955501884 n/s
Section: 0.0 s, 299593.14285714284 n/s
n = 69486799997, s = 9659091815451, f = 69486799997
Total: 8097.95 s, 8580791.951835856 n/s
Section: 0.0 s, 279620.26666666666 n/s
n = 69497400000, s = 9728589215451, f = 69497400000
Total: 8098.09 s, 8581954.821530536 n/s
Section: 0.14 s, 76887193.11522278 n/s
n = 69498399989, s = 9798087615440, f = 69498399989
Total: 8098.1 s, 8582066.969968837 n/s
Section: 0.01 s, 93484105.17220166 n/s
n = 69498399990, s = 9867586015430, f = 69498399990
Total: 8098.1 s, 8582066.964533642 n/s
Section: 0.0 s, 190650.18181818182 n/s
n = 69498399991, s = 9937084415421, f = 69498399991
Total: 8098.1 s, 8582066.959856449 n/s
Section: 0.0 s, 220752.84210526315 n/s
n = 69498399992, s = 10006582815413, f = 69498399992
Total: 8098.1 s, 8582066.955937257 n/s
Section: 0.0 s, 262144.0 n/s
n = 69498399993, s = 10076081215406, f = 69498399993
Total: 8098.1 s, 8582066.920939984 n/s
Section: 0.0 s, 30174.84892086331 n/s
n = 69498399994, s = 10145579615400, f = 69498399994
Total: 8098.1 s, 8582066.915504789 n/s
Section: 0.0 s, 190650.18181818182 n/s
n = 69498399995, s = 10215078015395, f = 69498399995
Total: 8098.1 s, 8582066.911585597 n/s
Section: 0.0 s, 262144.0 n/s
n = 69498399996, s = 10284576415391, f = 69498399996
Total: 8098.1 s, 8582066.907666406 n/s
Section: 0.0 s, 262144.0 n/s
n = 69498399997, s = 10354074815388, f = 69498399997
Total: 8098.1 s, 8582066.903747216 n/s
Section: 0.0 s, 262144.0 n/s
n = 69500000000, s = 10423574815388, f = 69500000000
Total: 8098.11 s, 8582246.299866788 n/s
Section: 0.02 s, 93262628.83266395 n/s
n = 69882536171, s = 10493457351559, f = 69882536171
Total: 8102.22 s, 8625114.610010331 n/s
Section: 4.1 s, 93246703.32456008 n/s
n = 69965000000, s = 10563422351559, f = 69965000000
Total: 8103.1 s, 8634351.22960855 n/s
Section: 0.88 s, 93358491.72205123 n/s
n = 69986799989, s = 10633409151548, f = 69986799989
Total: 8103.33 s, 8636790.18547506 n/s
Section: 0.24 s, 92436031.35798071 n/s
n = 69986799990, s = 10703395951538, f = 69986799990
Total: 8103.33 s, 8636790.151547182 n/s
Section: 0.0 s, 31300.776119402984 n/s
n = 69986799991, s = 10773382751529, f = 69986799991
Total: 8103.33 s, 8636790.146334194 n/s
Section: 0.0 s, 199728.7619047619 n/s
n = 69986799992, s = 10843369551521, f = 69986799992
Total: 8103.33 s, 8636790.141121205 n/s
Section: 0.0 s, 199728.7619047619 n/s
n = 69986799993, s = 10913356351514, f = 69986799993
Total: 8103.33 s, 8636790.137178786 n/s
Section: 0.0 s, 262144.0 n/s
n = 69986799994, s = 10983343151508, f = 69986799994
Total: 8103.33 s, 8636790.132728139 n/s
Section: 0.0 s, 233016.88888888888 n/s
n = 69986799995, s = 11053329951503, f = 69986799995
Total: 8103.33 s, 8636790.12878572 n/s
Section: 0.0 s, 262144.0 n/s
n = 69986799996, s = 11123316751499, f = 69986799996
Total: 8103.33 s, 8636790.12535153 n/s
Section: 0.0 s, 299593.14285714284 n/s
n = 69986799997, s = 11193303551496, f = 69986799997
Total: 8103.33 s, 8636790.12140911 n/s
Section: 0.0 s, 262144.0 n/s
n = 69997400000, s = 11263300951496, f = 69997400000
Total: 8103.45 s, 8637976.371742316 n/s
Section: 0.11 s, 92729139.3866645 n/s
n = 69998399989, s = 11333299351485, f = 69998399989
Total: 8103.46 s, 8638088.280503284 n/s
Section: 0.01 s, 92739969.5453058 n/s
n = 69998399990, s = 11403297751475, f = 69998399990
Total: 8103.46 s, 8638088.276052019 n/s
Section: 0.0 s, 233016.88888888888 n/s
n = 69998399991, s = 11473296151466, f = 69998399991
Total: 8103.46 s, 8638088.27210905 n/s
Section: 0.0 s, 262144.0 n/s
n = 69998399992, s = 11543294551458, f = 69998399992
Total: 8103.46 s, 8638088.268420229 n/s
Section: 0.0 s, 279620.26666666666 n/s
n = 69998399993, s = 11613292951451, f = 69998399993
Total: 8103.46 s, 8638088.264223112 n/s
Section: 0.0 s, 246723.76470588235 n/s
n = 69998399994, s = 11683291351445, f = 69998399994
Total: 8103.46 s, 8638088.26053429 n/s
Section: 0.0 s, 279620.26666666666 n/s
n = 69998399995, s = 11753289751440, f = 69998399995
Total: 8103.46 s, 8638088.256845469 n/s
Section: 0.0 s, 279620.26666666666 n/s
n = 69998399996, s = 11823288151436, f = 69998399996
Total: 8103.46 s, 8638088.252648352 n/s
Section: 0.0 s, 246723.76470588235 n/s
n = 69998399997, s = 11893286551433, f = 69998399997
Total: 8103.46 s, 8638088.248959532 n/s
Section: 0.0 s, 279620.26666666666 n/s
n = 70000000000, s = 11963286551433, f = 70000000000
Total: 8103.48 s, 8638267.235921994 n/s
Section: 0.02 s, 92394627.551003 n/s
n = 79465000000, s = 12042751551433, f = 79465000000
Total: 8205.5 s, 9684353.361223925 n/s
Section: 102.03 s, 92769597.89722146 n/s
n = 79486799989, s = 12122238351422, f = 79486799989
Total: 8205.74 s, 9686732.34493596 n/s
Section: 0.24 s, 92650052.65272258 n/s
n = 79486799990, s = 12201725151412, f = 79486799990
Total: 8205.74 s, 9686732.331266826 n/s
Section: 0.0 s, 85598.04081632652 n/s
n = 79486799991, s = 12281211951403, f = 79486799991
Total: 8205.74 s, 9686732.32604116 n/s
Section: 0.0 s, 220752.84210526315 n/s
n = 79486799992, s = 12360698751395, f = 79486799992
Total: 8205.74 s, 9686732.321096946 n/s
Section: 0.0 s, 233016.88888888888 n/s
n = 79486799993, s = 12440185551388, f = 79486799993
Total: 8205.74 s, 9686732.316434179 n/s
Section: 0.0 s, 246723.76470588235 n/s
n = 79486799994, s = 12519672351382, f = 79486799994
Total: 8205.74 s, 9686732.310645616 n/s
Section: 0.0 s, 199728.7619047619 n/s
n = 79486799995, s = 12599159151377, f = 79486799995
Total: 8205.74 s, 9686732.306545747 n/s
Section: 0.0 s, 279620.26666666666 n/s
n = 79486799996, s = 12678645951373, f = 79486799996
Total: 8205.74 s, 9686732.30216443 n/s
Section: 0.0 s, 262144.0 n/s
n = 79486799997, s = 12758132751370, f = 79486799997
Total: 8205.74 s, 9686732.29834601 n/s
Section: 0.0 s, 299593.14285714284 n/s
n = 79497400000, s = 12837630151370, f = 79497400000
Total: 8205.85 s, 9687889.428611731 n/s
Section: 0.11 s, 92942567.84259422 n/s
n = 79498399989, s = 12917128551359, f = 79498399989
Total: 8205.86 s, 9687998.638047034 n/s
Section: 0.01 s, 93303180.26952595 n/s
n = 79498399990, s = 12996626951349, f = 79498399990
Total: 8205.86 s, 9687998.631694824 n/s
Section: 0.0 s, 182361.04347826086 n/s
n = 79498399991, s = 13076125351340, f = 79498399991
Total: 8205.86 s, 9687998.627312984 n/s
Section: 0.0 s, 262144.0 n/s
n = 79498399992, s = 13155623751332, f = 79498399992
Total: 8205.86 s, 9687998.623212626 n/s
Section: 0.0 s, 279620.26666666666 n/s
n = 79498399993, s = 13235122151325, f = 79498399993
Total: 8205.86 s, 9687998.618549304 n/s
Section: 0.0 s, 246723.76470588235 n/s
n = 79498399994, s = 13314620551319, f = 79498399994
Total: 8205.86 s, 9687998.614167465 n/s
Section: 0.0 s, 262144.0 n/s
n = 79498399995, s = 13394118951314, f = 79498399995
Total: 8205.86 s, 9687998.610348588 n/s
Section: 0.0 s, 299593.14285714284 n/s
n = 79498399996, s = 13473617351310, f = 79498399996
Total: 8205.86 s, 9687998.605966749 n/s
Section: 0.0 s, 262144.0 n/s
n = 79498399997, s = 13553115751307, f = 79498399997
Total: 8205.86 s, 9687998.602147872 n/s
Section: 0.0 s, 299593.14285714284 n/s
n = 79500000000, s = 13632615751307, f = 79500000000
Total: 8205.88 s, 9688173.265918138 n/s
Section: 0.02 s, 92968054.06818591 n/s
n = 79882536171, s = 13712498287478, f = 79882536171
Total: 8210.0 s, 9729904.41802826 n/s
Section: 4.12 s, 92829866.58541149 n/s
n = 79965000000, s = 13792463287478, f = 79965000000
Total: 8210.89 s, 9738894.258797811 n/s
Section: 0.89 s, 92767284.60766453 n/s
n = 79986799989, s = 13872450087467, f = 79986799989
Total: 8211.13 s, 9741270.395732708 n/s
Section: 0.24 s, 92742052.87743467 n/s
n = 79986799990, s = 13952436887457, f = 79986799990
Total: 8211.13 s, 9741270.378600772 n/s
Section: 0.0 s, 68759.08196721312 n/s
n = 79986799991, s = 14032423687448, f = 79986799991
Total: 8211.13 s, 9741270.372782752 n/s
Section: 0.0 s, 199728.7619047619 n/s
n = 79986799992, s = 14112410487440, f = 79986799992
Total: 8211.13 s, 9741270.368096124 n/s
Section: 0.0 s, 246723.76470588235 n/s
n = 79986799993, s = 14192397287433, f = 79986799993
Total: 8211.13 s, 9741270.363692343 n/s
Section: 0.0 s, 262144.0 n/s
n = 79986799994, s = 14272384087427, f = 79986799994
Total: 8211.13 s, 9741270.359288562 n/s
Section: 0.0 s, 262144.0 n/s
n = 79986799995, s = 14352370887422, f = 79986799995
Total: 8211.13 s, 9741270.35516763 n/s
Section: 0.0 s, 279620.26666666666 n/s
n = 79986799996, s = 14432357687418, f = 79986799996
Total: 8211.13 s, 9741270.350481002 n/s
Section: 0.0 s, 246723.76470588235 n/s
n = 79986799997, s = 14512344487415, f = 79986799997
Total: 8211.13 s, 9741270.345794372 n/s
Section: 0.0 s, 246723.76470588235 n/s
n = 79997400000, s = 14592341887415, f = 79997400000
Total: 8211.24 s, 9742425.229617124 n/s
Section: 0.11 s, 92443973.79882562 n/s
n = 79998399989, s = 14672340287404, f = 79998399989
Total: 8211.25 s, 9742534.249258677 n/s
Section: 0.01 s, 92959902.98224695 n/s
n = 79998399990, s = 14752338687394, f = 79998399990
Total: 8211.25 s, 9742534.244288616 n/s
Section: 0.0 s, 233016.88888888888 n/s
n = 79998399991, s = 14832337087385, f = 79998399991
Total: 8211.25 s, 9742534.239601435 n/s
Section: 0.0 s, 246723.76470588235 n/s
n = 79998399992, s = 14912335487377, f = 79998399992
Total: 8211.25 s, 9742534.19955422 n/s
Section: 0.0 s, 29537.352112676057 n/s
n = 79998399993, s = 14992333887370, f = 79998399993
Total: 8211.25 s, 9742534.194584157 n/s
Section: 0.0 s, 233016.88888888888 n/s
n = 79998399994, s = 15072332287364, f = 79998399994
Total: 8211.25 s, 9742534.190179858 n/s
Section: 0.0 s, 262144.0 n/s
n = 79998399995, s = 15152330687359, f = 79998399995
Total: 8211.25 s, 9742534.186341317 n/s
Section: 0.0 s, 299593.14285714284 n/s
n = 79998399996, s = 15232329087355, f = 79998399996
Total: 8211.25 s, 9742534.181371257 n/s
Section: 0.0 s, 233016.88888888888 n/s
n = 79998399997, s = 15312327487352, f = 79998399997
Total: 8211.25 s, 9742534.176401196 n/s
Section: 0.0 s, 233016.88888888888 n/s
s(8) = 15312327487352
===
d = 9
n = 0, s = 0, f = 0
Total: 8425.2 s, 0.0 n/s
Section: 213.94 s, -373922237.0010947 n/s
n = 10000000000, s = 10000000000, f = 10000000000
Total: 8525.05 s, 1173013.0687088985 n/s
Section: 99.86 s, 100141606.06005815 n/s
n = 20000000000, s = 30000000000, f = 20000000000
Total: 8631.29 s, 2317150.565512399 n/s
Section: 106.24 s, 94129664.49347408 n/s
n = 30000000000, s = 60000000000, f = 30000000000
Total: 8737.37 s, 3433527.582124754 n/s
Section: 106.08 s, 94269280.53752808 n/s
n = 40000000000, s = 100000000000, f = 40000000000
Total: 8843.48 s, 4523104.845158613 n/s
Section: 106.11 s, 94239088.0118524 n/s
n = 50000000000, s = 150000000000, f = 50000000000
Total: 8950.68 s, 5586166.645667998 n/s
Section: 107.2 s, 93284491.18044718 n/s
n = 60000000000, s = 210000000000, f = 60000000000
Total: 9056.67 s, 6624951.5419057105 n/s
Section: 105.99 s, 94350089.52103776 n/s
n = 70000000000, s = 280000000000, f = 70000000000
Total: 9164.1 s, 7638502.765688373 n/s
Section: 107.43 s, 93084246.55125393 n/s
n = 80000000000, s = 360000000000, f = 80000000000
Total: 9271.36 s, 8628726.736645171 n/s
Section: 107.26 s, 93234251.99396639 n/s
s(9) = 360000000000
sum of s(d) for 1 <= d <= 9: 21295121502550
